\BOOKMARK [0][-]{chapter.1}{Einleitung}{}% 1
\BOOKMARK [1][-]{section.1.1}{Motivation}{chapter.1}% 2
\BOOKMARK [2][-]{subsection.1.1.1}{Voruntersuchung zur Ermittlung der Bedarfssituation}{section.1.1}% 3
\BOOKMARK [1][-]{section.1.2}{L\366sungsansatz und Zielstellung}{chapter.1}% 4
\BOOKMARK [1][-]{section.1.3}{Aufgabenbeschreibung}{chapter.1}% 5
\BOOKMARK [1][-]{section.1.4}{Aufbau der Dokumentation}{chapter.1}% 6
\BOOKMARK [1][-]{section.1.5}{Gamification}{chapter.1}% 7
\BOOKMARK [2][-]{subsection.1.5.1}{Was ist Gamification?}{section.1.5}% 8
\BOOKMARK [2][-]{subsection.1.5.2}{Bekannte Spiel-Design-Elemente}{section.1.5}% 9
\BOOKMARK [2][-]{subsection.1.5.3}{Nutzergruppen nach Bartle}{section.1.5}% 10
\BOOKMARK [0][-]{chapter.2}{Vorstellung des Frameworks Flutter}{}% 11
\BOOKMARK [1][-]{subsection.2.0.1}{Was ist Flutter?}{chapter.2}% 12
\BOOKMARK [2][-]{subsection.2.0.2}{Plattform\374bergreifende Entwicklung von mobilen Applikationen}{subsection.2.0.1}% 13
\BOOKMARK [2][-]{subsection.2.0.3}{Flutter Widgets}{subsection.2.0.1}% 14
\BOOKMARK [2][-]{subsection.2.0.4}{Flutter UI Rendering}{subsection.2.0.1}% 15
\BOOKMARK [0][-]{chapter.3}{Untersuchung des Problembereiches}{}% 16
\BOOKMARK [1][-]{section.3.1}{Hypothese}{chapter.3}% 17
\BOOKMARK [1][-]{section.3.2}{Identifikation der Interessengruppen}{chapter.3}% 18
\BOOKMARK [1][-]{section.3.3}{Wahl der Analysestrategie}{chapter.3}% 19
\BOOKMARK [2][-]{subsection.3.3.1}{Einbezug der Professoren}{section.3.3}% 20
\BOOKMARK [2][-]{subsection.3.3.2}{Einbezug der Studierenden}{section.3.3}% 21
\BOOKMARK [1][-]{section.3.4}{Ergebnisse der Professoren}{chapter.3}% 22
\BOOKMARK [2][-]{subsection.3.4.1}{Art der Arbeit}{section.3.4}% 23
\BOOKMARK [2][-]{subsection.3.4.2}{Erwartungen an den Bacheloranden}{section.3.4}% 24
\BOOKMARK [2][-]{subsection.3.4.3}{H\344ufig auftretende Probleme}{section.3.4}% 25
\BOOKMARK [2][-]{subsection.3.4.4}{Die Applikation \205 W\374nsche und Anregungen}{section.3.4}% 26
\BOOKMARK [2][-]{subsection.3.4.5}{Die Applikation - Chancen und Risiken}{section.3.4}% 27
\BOOKMARK [1][-]{section.3.5}{Ergebnisse der Studierenden}{chapter.3}% 28
\BOOKMARK [2][-]{subsection.3.5.1}{Erwartungen an den Betreuer}{section.3.5}% 29
\BOOKMARK [2][-]{subsection.3.5.2}{Die gr\366\337ten Probleme der Studierenden}{section.3.5}% 30
\BOOKMARK [2][-]{subsection.3.5.3}{Wunsch nach besserer Vorbereitung auf die Bachelorarbeit}{section.3.5}% 31
\BOOKMARK [2][-]{subsection.3.5.4}{Einbezug der Studierenden in die Gestaltung der Applikation}{section.3.5}% 32
\BOOKMARK [1][-]{section.3.6}{Untersuchung der Ergebnisse}{chapter.3}% 33
\BOOKMARK [2][-]{subsection.3.6.1}{Identifikation des Problembereichs}{section.3.6}% 34
\BOOKMARK [2][-]{subsection.3.6.2}{Auswahl der Motivationsstrategie}{section.3.6}% 35
\BOOKMARK [2][-]{subsection.3.6.3}{\334bersicht der abgeleiteten Produktfunktionen und Anforderungen}{section.3.6}% 36
\BOOKMARK [2][-]{subsection.3.6.4}{\334bersicht der Risiken}{section.3.6}% 37
\BOOKMARK [2][-]{subsection.3.6.5}{\334bersicht der Chancen}{section.3.6}% 38
\BOOKMARK [0][-]{chapter.4}{Konzeptvorstellung der Applikation}{}% 39
\BOOKMARK [1][-]{section.4.1}{Beschreibung der Software}{chapter.4}% 40
\BOOKMARK [2][-]{subsection.4.1.1}{Meilensteinverwaltung}{section.4.1}% 41
\BOOKMARK [2][-]{subsection.4.1.2}{Bachelorarbeit Guide}{section.4.1}% 42
\BOOKMARK [2][-]{subsection.4.1.3}{Herausforderungen}{section.4.1}% 43
\BOOKMARK [2][-]{subsection.4.1.4}{Achievements}{section.4.1}% 44
\BOOKMARK [2][-]{subsection.4.1.5}{Sonstige Softwareinhalte}{section.4.1}% 45
\BOOKMARK [2][-]{subsection.4.1.6}{Dashboard}{section.4.1}% 46
\BOOKMARK [2][-]{subsection.4.1.7}{\334bersicht der Produktfunktionen}{section.4.1}% 47
\BOOKMARK [2][-]{subsection.4.1.8}{Umgang mit Risiken}{section.4.1}% 48
\BOOKMARK [1][-]{section.4.2}{Beschreibung der Gamification-Elemente}{chapter.4}% 49
\BOOKMARK [2][-]{subsection.4.2.1}{Achievements}{section.4.2}% 50
\BOOKMARK [0][-]{chapter.5}{Architektur und prototypische Implementierungsdetails}{}% 51
\BOOKMARK [1][-]{section.5.1}{Was ist Redux?}{chapter.5}% 52
\BOOKMARK [2][-]{subsection.5.1.1}{Actions}{section.5.1}% 53
\BOOKMARK [2][-]{subsection.5.1.2}{Reducers}{section.5.1}% 54
\BOOKMARK [2][-]{subsection.5.1.3}{Store}{section.5.1}% 55
\BOOKMARK [2][-]{subsection.5.1.4}{Flutter Redux Libary}{section.5.1}% 56
\BOOKMARK [1][-]{section.5.2}{Architektur\374bersicht}{chapter.5}% 57
\BOOKMARK [1][-]{section.5.3}{Detaillierte Beschreibung der Model Komponenten}{chapter.5}% 58
\BOOKMARK [2][-]{subsection.5.3.1}{AppState-Klasse}{section.5.3}% 59
\BOOKMARK [2][-]{subsection.5.3.2}{Milestone-Klasse}{section.5.3}% 60
\BOOKMARK [2][-]{subsection.5.3.3}{Task-Klasse}{section.5.3}% 61
\BOOKMARK [2][-]{subsection.5.3.4}{Challenge-Klasse}{section.5.3}% 62
\BOOKMARK [2][-]{subsection.5.3.5}{Achievement-Klasse}{section.5.3}% 63
\BOOKMARK [2][-]{subsection.5.3.6}{Property-Klasse}{section.5.3}% 64
\BOOKMARK [2][-]{subsection.5.3.7}{Content-Klasse}{section.5.3}% 65
\BOOKMARK [2][-]{subsection.5.3.8}{AppContentLoader-Klasse}{section.5.3}% 66
\BOOKMARK [2][-]{subsection.5.3.9}{JSONAppContentFile-Klasse}{section.5.3}% 67
\BOOKMARK [2][-]{subsection.5.3.10}{InformationToolContentBuilder-Klasse}{section.5.3}% 68
\BOOKMARK [2][-]{subsection.5.3.11}{Achievement-Notification Funktionen}{section.5.3}% 69
\BOOKMARK [1][-]{section.5.4}{Beispielhafter Ablauf einer Nutzeraktion}{chapter.5}% 70
\BOOKMARK [0][-]{chapter.6}{Evaluation}{}% 71
\BOOKMARK [1][-]{section.6.1}{Ergebnisse der Softwaretests}{chapter.6}% 72
\BOOKMARK [1][-]{section.6.2}{Ergebnisse der Nutzerevaluation}{chapter.6}% 73
\BOOKMARK [2][-]{subsection.6.2.1}{Zusammenfassung der Testdurchf\374hrung mit den Studierenden}{section.6.2}% 74
\BOOKMARK [2][-]{subsection.6.2.2}{Zusammenfassung der Testdurchf\374hrung mit den Professoren}{section.6.2}% 75
\BOOKMARK [2][-]{subsection.6.2.3}{Ergebnis der Nutzerevaluation}{section.6.2}% 76
\BOOKMARK [1][-]{section.6.3}{Bewertung des Frameworks Flutter zur Entwicklung von mobilen Appliaktionen}{chapter.6}% 77
\BOOKMARK [2][-]{subsection.6.3.1}{Einf\374hrung und Dokumentation}{section.6.3}% 78
\BOOKMARK [2][-]{subsection.6.3.2}{Verwendete Programmiersprache}{section.6.3}% 79
\BOOKMARK [2][-]{subsection.6.3.3}{Handhabung und Anwendung}{section.6.3}% 80
\BOOKMARK [2][-]{subsection.6.3.4}{UI-Performance}{section.6.3}% 81
\BOOKMARK [2][-]{subsection.6.3.5}{Support und Community}{section.6.3}% 82
\BOOKMARK [2][-]{subsection.6.3.6}{Framework-spezifische Features}{section.6.3}% 83
\BOOKMARK [2][-]{subsection.6.3.7}{Zusammenfassung der Bewertung}{section.6.3}% 84
\BOOKMARK [0][-]{chapter.7}{Zusammenfassung}{}% 85
\BOOKMARK [1][-]{section.7.1}{Die wichtigsten Erkenntnisse der Arbeit}{chapter.7}% 86
\BOOKMARK [1][-]{section.7.2}{Schwierigkeiten bei der Bearbeitung}{chapter.7}% 87
\BOOKMARK [1][-]{section.7.3}{Erf\374llung der Aufgabenstellung}{chapter.7}% 88
\BOOKMARK [2][-]{subsection.7.3.1}{Unterst\374tzung bei Bearbeitung der Bachelorarbeit}{section.7.3}% 89
\BOOKMARK [2][-]{subsection.7.3.2}{Unterst\374tzung bei Zeitplanung}{section.7.3}% 90
\BOOKMARK [2][-]{subsection.7.3.3}{Motivation der Studierenden}{section.7.3}% 91
\BOOKMARK [1][-]{section.7.4}{Fortf\374hrung des Projekts}{chapter.7}% 92
\BOOKMARK [2][-]{subsection.7.4.1}{Ausblick auf weitere Untersuchungen}{section.7.4}% 93
\BOOKMARK [2][-]{subsection.7.4.2}{Ausblick auf Softwarefunktionen}{section.7.4}% 94
\BOOKMARK [1][-]{section.7.5}{Abschlie\337ende Worte}{chapter.7}% 95
\BOOKMARK [0][-]{chapter*.5}{Tabellenverzeichnis}{}% 96
\BOOKMARK [0][-]{chapter*.6}{Abbildungsverzeichnis}{}% 97
\BOOKMARK [0][-]{chapter*.7}{Listings}{}% 98
\BOOKMARK [0][-]{appendix.A}{Anhang}{}% 99
\BOOKMARK [1][-]{section.A.1}{Befragung der Beteiligten}{appendix.A}% 100
\BOOKMARK [2][-]{subsection.A.1.1}{Transkripte der Interviews mit den Professoren}{section.A.1}% 101
\BOOKMARK [2][-]{subsection.A.1.2}{Zusammenfassung der schriftlichen Befragung der Studierenden}{section.A.1}% 102
\BOOKMARK [2][-]{subsection.A.1.3}{Ergebnisse der Online-Umfrage f\374r die Studierenden}{section.A.1}% 103
\BOOKMARK [0][-]{chapter*.8}{Literatur}{}% 104
