This is pdfTeX, Version 3.14159265-2.6-1.40.19 (MiKTeX 2.9.6630 64-bit) (preloaded format=pdflatex 2018.5.28)  6 JUL 2018 18:25
entering extended mode
**"./Bachelorarbeit - Dokumentation PreVersion.tex"
("Bachelorarbeit - Dokumentation PreVersion.tex"
LaTeX2e <2017-04-15>
Babel <3.18> and hyphenation patterns for 75 language(s) loaded.

("C:\Users\lauti\AppData\Local\Programs\MiKTeX 2.9\tex\latex\koma-script\scrrep
rt.cls"
Document Class: scrreprt 2018/03/30 v3.25 KOMA-Script document class (report)

("C:\Users\lauti\AppData\Local\Programs\MiKTeX 2.9\tex\latex\koma-script\scrkba
se.sty"
Package: scrkbase 2018/03/30 v3.25 KOMA-Script package (KOMA-Script-dependent b
asics and keyval usage)

("C:\Users\lauti\AppData\Local\Programs\MiKTeX 2.9\tex\latex\koma-script\scrbas
e.sty"
Package: scrbase 2018/03/30 v3.25 KOMA-Script package (KOMA-Script-independent 
basics and keyval usage)

("C:\Users\lauti\AppData\Local\Programs\MiKTeX 2.9\tex\latex\graphics\keyval.st
y"
Package: keyval 2014/10/28 v1.15 key=value parser (DPC)
\KV@toks@=\toks14
)
("C:\Users\lauti\AppData\Local\Programs\MiKTeX 2.9\tex\latex\koma-script\scrlfi
le.sty"
Package: scrlfile 2018/03/30 v3.25 KOMA-Script package (loading files)
)))
("C:\Users\lauti\AppData\Local\Programs\MiKTeX 2.9\tex\latex\koma-script\tocbas
ic.sty"
Package: tocbasic 2018/03/30 v3.25 KOMA-Script package (handling toc-files)
\scr@dte@tocline@numberwidth=\skip41
\scr@dte@tocline@numbox=\box26
)
Package tocbasic Info: omitting babel extension for `toc'
(tocbasic)             because of feature `nobabel' available
(tocbasic)             for `toc' on input line 136.
Package tocbasic Info: defining new hook before heading of `' on input line 166
7.
Class scrreprt Info: File `scrsize11pt.clo' used instead of
(scrreprt)           file `scrsize11.clo' to setup font sizes on input line 232
8.

("C:\Users\lauti\AppData\Local\Programs\MiKTeX 2.9\tex\latex\koma-script\scrsiz
e11pt.clo"
File: scrsize11pt.clo 2018/03/30 v3.25 KOMA-Script font size class option (11pt
)
)
("C:\Users\lauti\AppData\Local\Programs\MiKTeX 2.9\tex\latex\koma-script\typear
ea.sty"
Package: typearea 2018/03/30 v3.25 KOMA-Script package (type area)
\ta@bcor=\skip42
\ta@div=\count79
\ta@hblk=\skip43
\ta@vblk=\skip44
\ta@temp=\skip45
\footheight=\skip46
Package typearea Info: These are the values describing the layout:
(typearea)             DIV  = 10
(typearea)             BCOR = 0.0pt
(typearea)             \paperwidth      = 597.50793pt
(typearea)              \textwidth      = 418.25555pt
(typearea)              DIV departure   = -6%
(typearea)              \evensidemargin = 17.3562pt
(typearea)              \oddsidemargin  = 17.3562pt
(typearea)             \paperheight     = 845.04694pt
(typearea)              \textheight     = 595.80026pt
(typearea)              \topmargin      = -25.16531pt
(typearea)              \headheight     = 17.0pt
(typearea)              \headsep        = 20.40001pt
(typearea)              \topskip        = 11.0pt
(typearea)              \footskip       = 47.6pt
(typearea)              \baselineskip   = 13.6pt
(typearea)              on input line 1706.
)
\c@part=\count80
\c@chapter=\count81
\c@section=\count82
\c@subsection=\count83
\c@subsubsection=\count84
\c@paragraph=\count85
\c@subparagraph=\count86
\scr@dte@part@maxnumwidth=\skip47
\scr@dte@chapter@maxnumwidth=\skip48
\scr@dte@section@maxnumwidth=\skip49
\scr@dte@subsection@maxnumwidth=\skip50
\scr@dte@subsubsection@maxnumwidth=\skip51
\scr@dte@paragraph@maxnumwidth=\skip52
\scr@dte@subparagraph@maxnumwidth=\skip53
\abovecaptionskip=\skip54
\belowcaptionskip=\skip55
\c@pti@nb@sid@b@x=\box27
\scr@dte@figure@maxnumwidth=\skip56
Package tocbasic Info: omitting babel extension for `lof'
(tocbasic)             because of feature `nobabel' available
(tocbasic)             for `lof' on input line 6247.
\c@figure=\count87
\scr@dte@table@maxnumwidth=\skip57
Package tocbasic Info: omitting babel extension for `lot'
(tocbasic)             because of feature `nobabel' available
(tocbasic)             for `lot' on input line 6264.
\c@table=\count88
Class scrreprt Info: Redefining `\numberline' on input line 6433.
\bibindent=\dimen102
)
("C:\Users\lauti\AppData\Local\Programs\MiKTeX 2.9\tex\latex\base\inputenc.sty"
Package: inputenc 2015/03/17 v1.2c Input encoding file
\inpenc@prehook=\toks15
\inpenc@posthook=\toks16
("C:\Users\lauti\AppData\Local\Programs\MiKTeX 2.9\tex\latex\base\utf8.def"
File: utf8.def 2017/01/28 v1.1t UTF-8 support for inputenc
Now handling font encoding OML ...
... no UTF-8 mapping file for font encoding OML
Now handling font encoding T1 ...
... processing UTF-8 mapping file for font encoding T1

("C:\Users\lauti\AppData\Local\Programs\MiKTeX 2.9\tex\latex\base\t1enc.dfu"
File: t1enc.dfu 2017/01/28 v1.1t UTF-8 support for inputenc
   defining Unicode char U+00A0 (decimal 160)
   defining Unicode char U+00A1 (decimal 161)
   defining Unicode char U+00A3 (decimal 163)
   defining Unicode char U+00AB (decimal 171)
   defining Unicode char U+00AD (decimal 173)
   defining Unicode char U+00BB (decimal 187)
   defining Unicode char U+00BF (decimal 191)
   defining Unicode char U+00C0 (decimal 192)
   defining Unicode char U+00C1 (decimal 193)
   defining Unicode char U+00C2 (decimal 194)
   defining Unicode char U+00C3 (decimal 195)
   defining Unicode char U+00C4 (decimal 196)
   defining Unicode char U+00C5 (decimal 197)
   defining Unicode char U+00C6 (decimal 198)
   defining Unicode char U+00C7 (decimal 199)
   defining Unicode char U+00C8 (decimal 200)
   defining Unicode char U+00C9 (decimal 201)
   defining Unicode char U+00CA (decimal 202)
   defining Unicode char U+00CB (decimal 203)
   defining Unicode char U+00CC (decimal 204)
   defining Unicode char U+00CD (decimal 205)
   defining Unicode char U+00CE (decimal 206)
   defining Unicode char U+00CF (decimal 207)
   defining Unicode char U+00D0 (decimal 208)
   defining Unicode char U+00D1 (decimal 209)
   defining Unicode char U+00D2 (decimal 210)
   defining Unicode char U+00D3 (decimal 211)
   defining Unicode char U+00D4 (decimal 212)
   defining Unicode char U+00D5 (decimal 213)
   defining Unicode char U+00D6 (decimal 214)
   defining Unicode char U+00D8 (decimal 216)
   defining Unicode char U+00D9 (decimal 217)
   defining Unicode char U+00DA (decimal 218)
   defining Unicode char U+00DB (decimal 219)
   defining Unicode char U+00DC (decimal 220)
   defining Unicode char U+00DD (decimal 221)
   defining Unicode char U+00DE (decimal 222)
   defining Unicode char U+00DF (decimal 223)
   defining Unicode char U+00E0 (decimal 224)
   defining Unicode char U+00E1 (decimal 225)
   defining Unicode char U+00E2 (decimal 226)
   defining Unicode char U+00E3 (decimal 227)
   defining Unicode char U+00E4 (decimal 228)
   defining Unicode char U+00E5 (decimal 229)
   defining Unicode char U+00E6 (decimal 230)
   defining Unicode char U+00E7 (decimal 231)
   defining Unicode char U+00E8 (decimal 232)
   defining Unicode char U+00E9 (decimal 233)
   defining Unicode char U+00EA (decimal 234)
   defining Unicode char U+00EB (decimal 235)
   defining Unicode char U+00EC (decimal 236)
   defining Unicode char U+00ED (decimal 237)
   defining Unicode char U+00EE (decimal 238)
   defining Unicode char U+00EF (decimal 239)
   defining Unicode char U+00F0 (decimal 240)
   defining Unicode char U+00F1 (decimal 241)
   defining Unicode char U+00F2 (decimal 242)
   defining Unicode char U+00F3 (decimal 243)
   defining Unicode char U+00F4 (decimal 244)
   defining Unicode char U+00F5 (decimal 245)
   defining Unicode char U+00F6 (decimal 246)
   defining Unicode char U+00F8 (decimal 248)
   defining Unicode char U+00F9 (decimal 249)
   defining Unicode char U+00FA (decimal 250)
   defining Unicode char U+00FB (decimal 251)
   defining Unicode char U+00FC (decimal 252)
   defining Unicode char U+00FD (decimal 253)
   defining Unicode char U+00FE (decimal 254)
   defining Unicode char U+00FF (decimal 255)
   defining Unicode char U+0100 (decimal 256)
   defining Unicode char U+0101 (decimal 257)
   defining Unicode char U+0102 (decimal 258)
   defining Unicode char U+0103 (decimal 259)
   defining Unicode char U+0104 (decimal 260)
   defining Unicode char U+0105 (decimal 261)
   defining Unicode char U+0106 (decimal 262)
   defining Unicode char U+0107 (decimal 263)
   defining Unicode char U+0108 (decimal 264)
   defining Unicode char U+0109 (decimal 265)
   defining Unicode char U+010A (decimal 266)
   defining Unicode char U+010B (decimal 267)
   defining Unicode char U+010C (decimal 268)
   defining Unicode char U+010D (decimal 269)
   defining Unicode char U+010E (decimal 270)
   defining Unicode char U+010F (decimal 271)
   defining Unicode char U+0110 (decimal 272)
   defining Unicode char U+0111 (decimal 273)
   defining Unicode char U+0112 (decimal 274)
   defining Unicode char U+0113 (decimal 275)
   defining Unicode char U+0114 (decimal 276)
   defining Unicode char U+0115 (decimal 277)
   defining Unicode char U+0116 (decimal 278)
   defining Unicode char U+0117 (decimal 279)
   defining Unicode char U+0118 (decimal 280)
   defining Unicode char U+0119 (decimal 281)
   defining Unicode char U+011A (decimal 282)
   defining Unicode char U+011B (decimal 283)
   defining Unicode char U+011C (decimal 284)
   defining Unicode char U+011D (decimal 285)
   defining Unicode char U+011E (decimal 286)
   defining Unicode char U+011F (decimal 287)
   defining Unicode char U+0120 (decimal 288)
   defining Unicode char U+0121 (decimal 289)
   defining Unicode char U+0122 (decimal 290)
   defining Unicode char U+0123 (decimal 291)
   defining Unicode char U+0124 (decimal 292)
   defining Unicode char U+0125 (decimal 293)
   defining Unicode char U+0128 (decimal 296)
   defining Unicode char U+0129 (decimal 297)
   defining Unicode char U+012A (decimal 298)
   defining Unicode char U+012B (decimal 299)
   defining Unicode char U+012C (decimal 300)
   defining Unicode char U+012D (decimal 301)
   defining Unicode char U+012E (decimal 302)
   defining Unicode char U+012F (decimal 303)
   defining Unicode char U+0130 (decimal 304)
   defining Unicode char U+0131 (decimal 305)
   defining Unicode char U+0132 (decimal 306)
   defining Unicode char U+0133 (decimal 307)
   defining Unicode char U+0134 (decimal 308)
   defining Unicode char U+0135 (decimal 309)
   defining Unicode char U+0136 (decimal 310)
   defining Unicode char U+0137 (decimal 311)
   defining Unicode char U+0139 (decimal 313)
   defining Unicode char U+013A (decimal 314)
   defining Unicode char U+013B (decimal 315)
   defining Unicode char U+013C (decimal 316)
   defining Unicode char U+013D (decimal 317)
   defining Unicode char U+013E (decimal 318)
   defining Unicode char U+0141 (decimal 321)
   defining Unicode char U+0142 (decimal 322)
   defining Unicode char U+0143 (decimal 323)
   defining Unicode char U+0144 (decimal 324)
   defining Unicode char U+0145 (decimal 325)
   defining Unicode char U+0146 (decimal 326)
   defining Unicode char U+0147 (decimal 327)
   defining Unicode char U+0148 (decimal 328)
   defining Unicode char U+014A (decimal 330)
   defining Unicode char U+014B (decimal 331)
   defining Unicode char U+014C (decimal 332)
   defining Unicode char U+014D (decimal 333)
   defining Unicode char U+014E (decimal 334)
   defining Unicode char U+014F (decimal 335)
   defining Unicode char U+0150 (decimal 336)
   defining Unicode char U+0151 (decimal 337)
   defining Unicode char U+0152 (decimal 338)
   defining Unicode char U+0153 (decimal 339)
   defining Unicode char U+0154 (decimal 340)
   defining Unicode char U+0155 (decimal 341)
   defining Unicode char U+0156 (decimal 342)
   defining Unicode char U+0157 (decimal 343)
   defining Unicode char U+0158 (decimal 344)
   defining Unicode char U+0159 (decimal 345)
   defining Unicode char U+015A (decimal 346)
   defining Unicode char U+015B (decimal 347)
   defining Unicode char U+015C (decimal 348)
   defining Unicode char U+015D (decimal 349)
   defining Unicode char U+015E (decimal 350)
   defining Unicode char U+015F (decimal 351)
   defining Unicode char U+0160 (decimal 352)
   defining Unicode char U+0161 (decimal 353)
   defining Unicode char U+0162 (decimal 354)
   defining Unicode char U+0163 (decimal 355)
   defining Unicode char U+0164 (decimal 356)
   defining Unicode char U+0165 (decimal 357)
   defining Unicode char U+0168 (decimal 360)
   defining Unicode char U+0169 (decimal 361)
   defining Unicode char U+016A (decimal 362)
   defining Unicode char U+016B (decimal 363)
   defining Unicode char U+016C (decimal 364)
   defining Unicode char U+016D (decimal 365)
   defining Unicode char U+016E (decimal 366)
   defining Unicode char U+016F (decimal 367)
   defining Unicode char U+0170 (decimal 368)
   defining Unicode char U+0171 (decimal 369)
   defining Unicode char U+0172 (decimal 370)
   defining Unicode char U+0173 (decimal 371)
   defining Unicode char U+0174 (decimal 372)
   defining Unicode char U+0175 (decimal 373)
   defining Unicode char U+0176 (decimal 374)
   defining Unicode char U+0177 (decimal 375)
   defining Unicode char U+0178 (decimal 376)
   defining Unicode char U+0179 (decimal 377)
   defining Unicode char U+017A (decimal 378)
   defining Unicode char U+017B (decimal 379)
   defining Unicode char U+017C (decimal 380)
   defining Unicode char U+017D (decimal 381)
   defining Unicode char U+017E (decimal 382)
   defining Unicode char U+01CD (decimal 461)
   defining Unicode char U+01CE (decimal 462)
   defining Unicode char U+01CF (decimal 463)
   defining Unicode char U+01D0 (decimal 464)
   defining Unicode char U+01D1 (decimal 465)
   defining Unicode char U+01D2 (decimal 466)
   defining Unicode char U+01D3 (decimal 467)
   defining Unicode char U+01D4 (decimal 468)
   defining Unicode char U+01E2 (decimal 482)
   defining Unicode char U+01E3 (decimal 483)
   defining Unicode char U+01E6 (decimal 486)
   defining Unicode char U+01E7 (decimal 487)
   defining Unicode char U+01E8 (decimal 488)
   defining Unicode char U+01E9 (decimal 489)
   defining Unicode char U+01EA (decimal 490)
   defining Unicode char U+01EB (decimal 491)
   defining Unicode char U+01F0 (decimal 496)
   defining Unicode char U+01F4 (decimal 500)
   defining Unicode char U+01F5 (decimal 501)
   defining Unicode char U+0218 (decimal 536)
   defining Unicode char U+0219 (decimal 537)
   defining Unicode char U+021A (decimal 538)
   defining Unicode char U+021B (decimal 539)
   defining Unicode char U+0232 (decimal 562)
   defining Unicode char U+0233 (decimal 563)
   defining Unicode char U+1E02 (decimal 7682)
   defining Unicode char U+1E03 (decimal 7683)
   defining Unicode char U+200C (decimal 8204)
   defining Unicode char U+2010 (decimal 8208)
   defining Unicode char U+2011 (decimal 8209)
   defining Unicode char U+2012 (decimal 8210)
   defining Unicode char U+2013 (decimal 8211)
   defining Unicode char U+2014 (decimal 8212)
   defining Unicode char U+2015 (decimal 8213)
   defining Unicode char U+2018 (decimal 8216)
   defining Unicode char U+2019 (decimal 8217)
   defining Unicode char U+201A (decimal 8218)
   defining Unicode char U+201C (decimal 8220)
   defining Unicode char U+201D (decimal 8221)
   defining Unicode char U+201E (decimal 8222)
   defining Unicode char U+2030 (decimal 8240)
   defining Unicode char U+2031 (decimal 8241)
   defining Unicode char U+2039 (decimal 8249)
   defining Unicode char U+203A (decimal 8250)
   defining Unicode char U+2423 (decimal 9251)
   defining Unicode char U+1E20 (decimal 7712)
   defining Unicode char U+1E21 (decimal 7713)
)
Now handling font encoding OT1 ...
... processing UTF-8 mapping file for font encoding OT1

("C:\Users\lauti\AppData\Local\Programs\MiKTeX 2.9\tex\latex\base\ot1enc.dfu"
File: ot1enc.dfu 2017/01/28 v1.1t UTF-8 support for inputenc
   defining Unicode char U+00A0 (decimal 160)
   defining Unicode char U+00A1 (decimal 161)
   defining Unicode char U+00A3 (decimal 163)
   defining Unicode char U+00AD (decimal 173)
   defining Unicode char U+00B8 (decimal 184)
   defining Unicode char U+00BF (decimal 191)
   defining Unicode char U+00C5 (decimal 197)
   defining Unicode char U+00C6 (decimal 198)
   defining Unicode char U+00D8 (decimal 216)
   defining Unicode char U+00DF (decimal 223)
   defining Unicode char U+00E6 (decimal 230)
   defining Unicode char U+00EC (decimal 236)
   defining Unicode char U+00ED (decimal 237)
   defining Unicode char U+00EE (decimal 238)
   defining Unicode char U+00EF (decimal 239)
   defining Unicode char U+00F8 (decimal 248)
   defining Unicode char U+0131 (decimal 305)
   defining Unicode char U+0141 (decimal 321)
   defining Unicode char U+0142 (decimal 322)
   defining Unicode char U+0152 (decimal 338)
   defining Unicode char U+0153 (decimal 339)
   defining Unicode char U+0174 (decimal 372)
   defining Unicode char U+0175 (decimal 373)
   defining Unicode char U+0176 (decimal 374)
   defining Unicode char U+0177 (decimal 375)
   defining Unicode char U+0218 (decimal 536)
   defining Unicode char U+0219 (decimal 537)
   defining Unicode char U+021A (decimal 538)
   defining Unicode char U+021B (decimal 539)
   defining Unicode char U+2013 (decimal 8211)
   defining Unicode char U+2014 (decimal 8212)
   defining Unicode char U+2018 (decimal 8216)
   defining Unicode char U+2019 (decimal 8217)
   defining Unicode char U+201C (decimal 8220)
   defining Unicode char U+201D (decimal 8221)
)
Now handling font encoding OMS ...
... processing UTF-8 mapping file for font encoding OMS

("C:\Users\lauti\AppData\Local\Programs\MiKTeX 2.9\tex\latex\base\omsenc.dfu"
File: omsenc.dfu 2017/01/28 v1.1t UTF-8 support for inputenc
   defining Unicode char U+00A7 (decimal 167)
   defining Unicode char U+00B6 (decimal 182)
   defining Unicode char U+00B7 (decimal 183)
   defining Unicode char U+2020 (decimal 8224)
   defining Unicode char U+2021 (decimal 8225)
   defining Unicode char U+2022 (decimal 8226)
)
Now handling font encoding OMX ...
... no UTF-8 mapping file for font encoding OMX
Now handling font encoding U ...
... no UTF-8 mapping file for font encoding U
   defining Unicode char U+00A9 (decimal 169)
   defining Unicode char U+00AA (decimal 170)
   defining Unicode char U+00AE (decimal 174)
   defining Unicode char U+00BA (decimal 186)
   defining Unicode char U+02C6 (decimal 710)
   defining Unicode char U+02DC (decimal 732)
   defining Unicode char U+200C (decimal 8204)
   defining Unicode char U+2026 (decimal 8230)
   defining Unicode char U+2122 (decimal 8482)
   defining Unicode char U+2423 (decimal 9251)
)) ("C:\Users\lauti\AppData\Local\Programs\MiKTeX 2.9\tex\latex\base\fontenc.st
y"
Package: fontenc 2017/04/05 v2.0i Standard LaTeX package
 ("C:\Users\lauti\AppData\Local\Programs\MiKTeX 2.9\tex\latex\base\t1enc.def"
File: t1enc.def 2017/04/05 v2.0i Standard LaTeX file
LaTeX Font Info:    Redeclaring font encoding T1 on input line 48.
)) ("C:\Users\lauti\AppData\Local\Programs\MiKTeX 2.9\tex\latex\lm\lmodern.sty"
Package: lmodern 2009/10/30 v1.6 Latin Modern Fonts
LaTeX Font Info:    Overwriting symbol font `operators' in version `normal'
(Font)                  OT1/cmr/m/n --> OT1/lmr/m/n on input line 22.
LaTeX Font Info:    Overwriting symbol font `letters' in version `normal'
(Font)                  OML/cmm/m/it --> OML/lmm/m/it on input line 23.
LaTeX Font Info:    Overwriting symbol font `symbols' in version `normal'
(Font)                  OMS/cmsy/m/n --> OMS/lmsy/m/n on input line 24.
LaTeX Font Info:    Overwriting symbol font `largesymbols' in version `normal'
(Font)                  OMX/cmex/m/n --> OMX/lmex/m/n on input line 25.
LaTeX Font Info:    Overwriting symbol font `operators' in version `bold'
(Font)                  OT1/cmr/bx/n --> OT1/lmr/bx/n on input line 26.
LaTeX Font Info:    Overwriting symbol font `letters' in version `bold'
(Font)                  OML/cmm/b/it --> OML/lmm/b/it on input line 27.
LaTeX Font Info:    Overwriting symbol font `symbols' in version `bold'
(Font)                  OMS/cmsy/b/n --> OMS/lmsy/b/n on input line 28.
LaTeX Font Info:    Overwriting symbol font `largesymbols' in version `bold'
(Font)                  OMX/cmex/m/n --> OMX/lmex/m/n on input line 29.
LaTeX Font Info:    Overwriting math alphabet `\mathbf' in version `normal'
(Font)                  OT1/cmr/bx/n --> OT1/lmr/bx/n on input line 31.
LaTeX Font Info:    Overwriting math alphabet `\mathsf' in version `normal'
(Font)                  OT1/cmss/m/n --> OT1/lmss/m/n on input line 32.
LaTeX Font Info:    Overwriting math alphabet `\mathit' in version `normal'
(Font)                  OT1/cmr/m/it --> OT1/lmr/m/it on input line 33.
LaTeX Font Info:    Overwriting math alphabet `\mathtt' in version `normal'
(Font)                  OT1/cmtt/m/n --> OT1/lmtt/m/n on input line 34.
LaTeX Font Info:    Overwriting math alphabet `\mathbf' in version `bold'
(Font)                  OT1/cmr/bx/n --> OT1/lmr/bx/n on input line 35.
LaTeX Font Info:    Overwriting math alphabet `\mathsf' in version `bold'
(Font)                  OT1/cmss/bx/n --> OT1/lmss/bx/n on input line 36.
LaTeX Font Info:    Overwriting math alphabet `\mathit' in version `bold'
(Font)                  OT1/cmr/bx/it --> OT1/lmr/bx/it on input line 37.
LaTeX Font Info:    Overwriting math alphabet `\mathtt' in version `bold'
(Font)                  OT1/cmtt/m/n --> OT1/lmtt/m/n on input line 38.
) ("C:\Users\lauti\AppData\Local\Programs\MiKTeX 2.9\tex\generic\babel\babel.st
y"
Package: babel 2018/02/14 3.18 The Babel package

("C:\Users\lauti\AppData\Local\Programs\MiKTeX 2.9\tex\generic\babel\switch.def
"
File: switch.def 2018/02/14 3.18 Babel switching mechanism
)
*************************************
* Local config file bblopts.cfg used
*
("C:\Users\lauti\AppData\Local\Programs\MiKTeX 2.9\tex\latex\arabi\bblopts.cfg"
File: bblopts.cfg 2005/09/08 v0.1 add Arabic and Farsi to "declared" options of
 babel
)
("C:\Users\lauti\AppData\Local\Programs\MiKTeX 2.9\tex\latex\babel-german\ngerm
an.ldf"
Language: ngerman 2016/11/02 v2.9 German support for babel (new orthography)

("C:\Users\lauti\AppData\Local\Programs\MiKTeX 2.9\tex\latex\babel-german\ngerm
anb.ldf"
Language: ngermanb 2016/11/02 v2.9 German support for babel (new orthography)

("C:\Users\lauti\AppData\Local\Programs\MiKTeX 2.9\tex\generic\babel\babel.def"
File: babel.def 2018/02/14 3.18 Babel common definitions
\babel@savecnt=\count89
\U@D=\dimen103

("C:\Users\lauti\AppData\Local\Programs\MiKTeX 2.9\tex\generic\babel\txtbabel.d
ef")
\bbl@dirlevel=\count90
)
Package babel Info: Making " an active character on input line 125.
)))
("C:\Users\lauti\AppData\Local\Programs\MiKTeX 2.9\tex\latex\amsmath\amsmath.st
y"
Package: amsmath 2017/09/02 v2.17a AMS math features
\@mathmargin=\skip58

For additional information on amsmath, use the `?' option.

("C:\Users\lauti\AppData\Local\Programs\MiKTeX 2.9\tex\latex\amsmath\amstext.st
y"
Package: amstext 2000/06/29 v2.01 AMS text

("C:\Users\lauti\AppData\Local\Programs\MiKTeX 2.9\tex\latex\amsmath\amsgen.sty
"
File: amsgen.sty 1999/11/30 v2.0 generic functions
\@emptytoks=\toks17
\ex@=\dimen104
))
("C:\Users\lauti\AppData\Local\Programs\MiKTeX 2.9\tex\latex\amsmath\amsbsy.sty
"
Package: amsbsy 1999/11/29 v1.2d Bold Symbols
\pmbraise@=\dimen105
)
("C:\Users\lauti\AppData\Local\Programs\MiKTeX 2.9\tex\latex\amsmath\amsopn.sty
"
Package: amsopn 2016/03/08 v2.02 operator names
)
\inf@bad=\count91
LaTeX Info: Redefining \frac on input line 213.
\uproot@=\count92
\leftroot@=\count93
LaTeX Info: Redefining \overline on input line 375.
\classnum@=\count94
\DOTSCASE@=\count95
LaTeX Info: Redefining \ldots on input line 472.
LaTeX Info: Redefining \dots on input line 475.
LaTeX Info: Redefining \cdots on input line 596.
\Mathstrutbox@=\box28
\strutbox@=\box29
\big@size=\dimen106
LaTeX Font Info:    Redeclaring font encoding OML on input line 712.
LaTeX Font Info:    Redeclaring font encoding OMS on input line 713.
\macc@depth=\count96
\c@MaxMatrixCols=\count97
\dotsspace@=\muskip10
\c@parentequation=\count98
\dspbrk@lvl=\count99
\tag@help=\toks18
\row@=\count100
\column@=\count101
\maxfields@=\count102
\andhelp@=\toks19
\eqnshift@=\dimen107
\alignsep@=\dimen108
\tagshift@=\dimen109
\tagwidth@=\dimen110
\totwidth@=\dimen111
\lineht@=\dimen112
\@envbody=\toks20
\multlinegap=\skip59
\multlinetaggap=\skip60
\mathdisplay@stack=\toks21
LaTeX Info: Redefining \[ on input line 2817.
LaTeX Info: Redefining \] on input line 2818.
)
("C:\Users\lauti\AppData\Local\Programs\MiKTeX 2.9\tex\latex\hyperref\hyperref.
sty"
Package: hyperref 2018/02/06 v6.86b Hypertext links for LaTeX

("C:\Users\lauti\AppData\Local\Programs\MiKTeX 2.9\tex\generic\oberdiek\hobsub-
hyperref.sty"
Package: hobsub-hyperref 2016/05/16 v1.14 Bundle oberdiek, subset hyperref (HO)


("C:\Users\lauti\AppData\Local\Programs\MiKTeX 2.9\tex\generic\oberdiek\hobsub-
generic.sty"
Package: hobsub-generic 2016/05/16 v1.14 Bundle oberdiek, subset generic (HO)
Package: hobsub 2016/05/16 v1.14 Construct package bundles (HO)
Package: infwarerr 2016/05/16 v1.4 Providing info/warning/error messages (HO)
Package: ltxcmds 2016/05/16 v1.23 LaTeX kernel commands for general use (HO)
Package: ifluatex 2016/05/16 v1.4 Provides the ifluatex switch (HO)
Package ifluatex Info: LuaTeX not detected.
Package: ifvtex 2016/05/16 v1.6 Detect VTeX and its facilities (HO)
Package ifvtex Info: VTeX not detected.
Package: intcalc 2016/05/16 v1.2 Expandable calculations with integers (HO)
Package: ifpdf 2017/03/15 v3.2 Provides the ifpdf switch
Package: etexcmds 2016/05/16 v1.6 Avoid name clashes with e-TeX commands (HO)
Package etexcmds Info: Could not find \expanded.
(etexcmds)             That can mean that you are not using pdfTeX 1.50 or
(etexcmds)             that some package has redefined \expanded.
(etexcmds)             In the latter case, load this package earlier.
Package: kvsetkeys 2016/05/16 v1.17 Key value parser (HO)
Package: kvdefinekeys 2016/05/16 v1.4 Define keys (HO)
Package: pdftexcmds 2018/01/21 v0.26 Utility functions of pdfTeX for LuaTeX (HO
)
Package pdftexcmds Info: LuaTeX not detected.
Package pdftexcmds Info: \pdf@primitive is available.
Package pdftexcmds Info: \pdf@ifprimitive is available.
Package pdftexcmds Info: \pdfdraftmode found.
Package: pdfescape 2016/05/16 v1.14 Implements pdfTeX's escape features (HO)
Package: bigintcalc 2016/05/16 v1.4 Expandable calculations on big integers (HO
)
Package: bitset 2016/05/16 v1.2 Handle bit-vector datatype (HO)
Package: uniquecounter 2016/05/16 v1.3 Provide unlimited unique counter (HO)
)
Package hobsub Info: Skipping package `hobsub' (already loaded).
Package: letltxmacro 2016/05/16 v1.5 Let assignment for LaTeX macros (HO)
Package: hopatch 2016/05/16 v1.3 Wrapper for package hooks (HO)
Package: xcolor-patch 2016/05/16 xcolor patch
Package: atveryend 2016/05/16 v1.9 Hooks at the very end of document (HO)
Package atveryend Info: \enddocument detected (standard20110627).
Package: atbegshi 2016/06/09 v1.18 At begin shipout hook (HO)
Package: refcount 2016/05/16 v3.5 Data extraction from label references (HO)
Package: hycolor 2016/05/16 v1.8 Color options for hyperref/bookmark (HO)
)
("C:\Users\lauti\AppData\Local\Programs\MiKTeX 2.9\tex\generic\ifxetex\ifxetex.
sty"
Package: ifxetex 2010/09/12 v0.6 Provides ifxetex conditional
)
("C:\Users\lauti\AppData\Local\Programs\MiKTeX 2.9\tex\latex\oberdiek\auxhook.s
ty"
Package: auxhook 2016/05/16 v1.4 Hooks for auxiliary files (HO)
)
("C:\Users\lauti\AppData\Local\Programs\MiKTeX 2.9\tex\latex\oberdiek\kvoptions
.sty"
Package: kvoptions 2016/05/16 v3.12 Key value format for package options (HO)
)
\@linkdim=\dimen113
\Hy@linkcounter=\count103
\Hy@pagecounter=\count104

("C:\Users\lauti\AppData\Local\Programs\MiKTeX 2.9\tex\latex\hyperref\pd1enc.de
f"
File: pd1enc.def 2018/02/06 v6.86b Hyperref: PDFDocEncoding definition (HO)
Now handling font encoding PD1 ...
... no UTF-8 mapping file for font encoding PD1
)
\Hy@SavedSpaceFactor=\count105

("C:\Users\lauti\AppData\Local\Programs\MiKTeX 2.9\tex\latex\00miktex\hyperref.
cfg"
File: hyperref.cfg 2002/06/06 v1.2 hyperref configuration of TeXLive
)
Package hyperref Info: Hyper figures OFF on input line 4509.
Package hyperref Info: Link nesting OFF on input line 4514.
Package hyperref Info: Hyper index ON on input line 4517.
Package hyperref Info: Plain pages OFF on input line 4524.
Package hyperref Info: Backreferencing OFF on input line 4529.
Package hyperref Info: Implicit mode ON; LaTeX internals redefined.
Package hyperref Info: Bookmarks ON on input line 4762.
\c@Hy@tempcnt=\count106
 ("C:\Users\lauti\AppData\Local\Programs\MiKTeX 2.9\tex\latex\url\url.sty"
\Urlmuskip=\muskip11
Package: url 2013/09/16  ver 3.4  Verb mode for urls, etc.
)
LaTeX Info: Redefining \url on input line 5115.
\XeTeXLinkMargin=\dimen114
\Fld@menulength=\count107
\Field@Width=\dimen115
\Fld@charsize=\dimen116
Package hyperref Info: Hyper figures OFF on input line 6369.
Package hyperref Info: Link nesting OFF on input line 6374.
Package hyperref Info: Hyper index ON on input line 6377.
Package hyperref Info: backreferencing OFF on input line 6384.
Package hyperref Info: Link coloring OFF on input line 6389.
Package hyperref Info: Link coloring with OCG OFF on input line 6394.
Package hyperref Info: PDF/A mode OFF on input line 6399.
LaTeX Info: Redefining \ref on input line 6439.
LaTeX Info: Redefining \pageref on input line 6443.
\Hy@abspage=\count108
\c@Item=\count109
\c@Hfootnote=\count110
)
Package hyperref Info: Driver (autodetected): hpdftex.

("C:\Users\lauti\AppData\Local\Programs\MiKTeX 2.9\tex\latex\hyperref\hpdftex.d
ef"
File: hpdftex.def 2018/02/06 v6.86b Hyperref driver for pdfTeX
\Fld@listcount=\count111
\c@bookmark@seq@number=\count112

("C:\Users\lauti\AppData\Local\Programs\MiKTeX 2.9\tex\latex\oberdiek\rerunfile
check.sty"
Package: rerunfilecheck 2016/05/16 v1.8 Rerun checks for auxiliary files (HO)
Package uniquecounter Info: New unique counter `rerunfilecheck' on input line 2
82.
)
\Hy@SectionHShift=\skip61
)
("C:\Users\lauti\AppData\Local\Programs\MiKTeX 2.9\tex\latex\booktabs\booktabs.
sty"
Package: booktabs 2005/04/14 v1.61803 publication quality tables
\heavyrulewidth=\dimen117
\lightrulewidth=\dimen118
\cmidrulewidth=\dimen119
\belowrulesep=\dimen120
\belowbottomsep=\dimen121
\aboverulesep=\dimen122
\abovetopsep=\dimen123
\cmidrulesep=\dimen124
\cmidrulekern=\dimen125
\defaultaddspace=\dimen126
\@cmidla=\count113
\@cmidlb=\count114
\@aboverulesep=\dimen127
\@belowrulesep=\dimen128
\@thisruleclass=\count115
\@lastruleclass=\count116
\@thisrulewidth=\dimen129
)
("C:\Users\lauti\AppData\Local\Programs\MiKTeX 2.9\tex\latex\multirow\multirow.
sty"
Package: multirow 2016/11/25 v2.2 Span multiple rows of a table
\multirow@colwidth=\skip62
\multirow@cntb=\count117
\multirow@dima=\skip63
\bigstrutjot=\dimen130
)
("C:\Users\lauti\AppData\Local\Programs\MiKTeX 2.9\tex\latex\oberdiek\pdflscape
.sty"
Package: pdflscape 2016/05/14 v0.11 Display of landscape pages in PDF (HO)

("C:\Users\lauti\AppData\Local\Programs\MiKTeX 2.9\tex\latex\graphics\lscape.st
y"
Package: lscape 2000/10/22 v3.01 Landscape Pages (DPC)

("C:\Users\lauti\AppData\Local\Programs\MiKTeX 2.9\tex\latex\graphics\graphics.
sty"
Package: graphics 2017/06/25 v1.2c Standard LaTeX Graphics (DPC,SPQR)

("C:\Users\lauti\AppData\Local\Programs\MiKTeX 2.9\tex\latex\graphics\trig.sty"
Package: trig 2016/01/03 v1.10 sin cos tan (DPC)
)
("C:\Users\lauti\AppData\Local\Programs\MiKTeX 2.9\tex\latex\graphics-cfg\graph
ics.cfg"
File: graphics.cfg 2016/06/04 v1.11 sample graphics configuration
)
Package graphics Info: Driver file: pdftex.def on input line 99.

("C:\Users\lauti\AppData\Local\Programs\MiKTeX 2.9\tex\latex\graphics-def\pdfte
x.def"
File: pdftex.def 2018/01/08 v1.0l Graphics/color driver for pdftex
)))
Package pdflscape Info: Auto-detected driver: pdftex on input line 81.
)
("C:\Users\lauti\AppData\Local\Programs\MiKTeX 2.9\tex\latex\biblatex\biblatex.
sty"
Package: biblatex 2018/03/04 v3.11 programmable bibliographies (PK/MW)

("C:\Users\lauti\AppData\Local\Programs\MiKTeX 2.9\tex\latex\etoolbox\etoolbox.
sty"
Package: etoolbox 2018/02/11 v2.5e e-TeX tools for LaTeX (JAW)
\etb@tempcnta=\count118
)
("C:\Users\lauti\AppData\Local\Programs\MiKTeX 2.9\tex\latex\logreq\logreq.sty"
Package: logreq 2010/08/04 v1.0 xml request logger
\lrq@indent=\count119
("C:\Users\lauti\AppData\Local\Programs\MiKTeX 2.9\tex\latex\logreq\logreq.def"
File: logreq.def 2010/08/04 v1.0 logreq spec v1.0
)) ("C:\Users\lauti\AppData\Local\Programs\MiKTeX 2.9\tex\latex\base\ifthen.sty
"
Package: ifthen 2014/09/29 v1.1c Standard LaTeX ifthen package (DPC)
)
("C:\Users\lauti\AppData\Local\Programs\MiKTeX 2.9\tex\latex\xstring\xstring.st
y"
("C:\Users\lauti\AppData\Local\Programs\MiKTeX 2.9\tex\generic\xstring\xstring.
tex"
\@xs@message=\write3
\integerpart=\count120
\decimalpart=\count121
)
Package: xstring 2013/10/13  v1.7c  String manipulations (C Tellechea)
)
\c@tabx@nest=\count122
\c@listtotal=\count123
\c@listcount=\count124
\c@liststart=\count125
\c@liststop=\count126
\c@citecount=\count127
\c@citetotal=\count128
\c@multicitecount=\count129
\c@multicitetotal=\count130
\c@instcount=\count131
\c@maxnames=\count132
\c@minnames=\count133
\c@maxitems=\count134
\c@minitems=\count135
\c@citecounter=\count136
\c@savedcitecounter=\count137
\c@uniquelist=\count138
\c@uniquename=\count139
\c@refsection=\count140
\c@refsegment=\count141
\c@maxextratitle=\count142
\c@maxextratitleyear=\count143
\c@maxextradate=\count144
\c@maxextraalpha=\count145
\c@abbrvpenalty=\count146
\c@highnamepenalty=\count147
\c@lownamepenalty=\count148
\c@maxparens=\count149
\c@parenlevel=\count150
\blx@tempcnta=\count151
\blx@tempcntb=\count152
\blx@tempcntc=\count153
\blx@maxsection=\count154
\blx@maxsegment@0=\count155
\blx@notetype=\count156
\blx@parenlevel@text=\count157
\blx@parenlevel@foot=\count158
\blx@sectionciteorder@0=\count159
\labelnumberwidth=\skip64
\labelalphawidth=\skip65
\biblabelsep=\skip66
\bibitemsep=\skip67
\bibnamesep=\skip68
\bibinitsep=\skip69
\bibparsep=\skip70
\bibhang=\skip71
\blx@bcfin=\read1
\blx@bcfout=\write4
\c@mincomprange=\count160
\c@maxcomprange=\count161
\c@mincompwidth=\count162
Package biblatex Info: Trying to load biblatex default data model...
Package biblatex Info: ... file 'blx-dm.def' found.

("C:\Users\lauti\AppData\Local\Programs\MiKTeX 2.9\tex\latex\biblatex\blx-dm.de
f"
File: blx-dm.def 2018/03/04 v3.11 biblatex localization (PK/MW)
)
Package biblatex Info: Trying to load biblatex custom data model...
Package biblatex Info: ... file 'biblatex-dm.cfg' not found.
\c@afterword=\count163
\c@savedafterword=\count164
\c@annotator=\count165
\c@savedannotator=\count166
\c@author=\count167
\c@savedauthor=\count168
\c@bookauthor=\count169
\c@savedbookauthor=\count170
\c@commentator=\count171
\c@savedcommentator=\count172
\c@editor=\count173
\c@savededitor=\count174
\c@editora=\count175
\c@savededitora=\count176
\c@editorb=\count177
\c@savededitorb=\count178
\c@editorc=\count179
\c@savededitorc=\count180
\c@foreword=\count181
\c@savedforeword=\count182
\c@holder=\count183
\c@savedholder=\count184
\c@introduction=\count185
\c@savedintroduction=\count186
\c@namea=\count187
\c@savednamea=\count188
\c@nameb=\count189
\c@savednameb=\count190
\c@namec=\count191
\c@savednamec=\count192
\c@translator=\count193
\c@savedtranslator=\count194
\c@shortauthor=\count195
\c@savedshortauthor=\count196
\c@shorteditor=\count197
\c@savedshorteditor=\count198
\c@labelname=\count199
\c@savedlabelname=\count266
\c@institution=\count267
\c@savedinstitution=\count268
\c@lista=\count269
\c@savedlista=\count270
\c@listb=\count271
\c@savedlistb=\count272
\c@listc=\count273
\c@savedlistc=\count274
\c@listd=\count275
\c@savedlistd=\count276
\c@liste=\count277
\c@savedliste=\count278
\c@listf=\count279
\c@savedlistf=\count280
\c@location=\count281
\c@savedlocation=\count282
\c@organization=\count283
\c@savedorganization=\count284
\c@origlocation=\count285
\c@savedoriglocation=\count286
\c@origpublisher=\count287
\c@savedorigpublisher=\count288
\c@publisher=\count289
\c@savedpublisher=\count290
\c@language=\count291
\c@savedlanguage=\count292
\c@origlanguage=\count293
\c@savedoriglanguage=\count294
\c@pageref=\count295
\c@savedpageref=\count296
\shorthandwidth=\skip72
\shortjournalwidth=\skip73
\shortserieswidth=\skip74
\shorttitlewidth=\skip75
\shortauthorwidth=\skip76
\shorteditorwidth=\skip77
\locallabelnumberwidth=\skip78
\locallabelalphawidth=\skip79
\localshorthandwidth=\skip80
\localshortjournalwidth=\skip81
\localshortserieswidth=\skip82
\localshorttitlewidth=\skip83
\localshortauthorwidth=\skip84
\localshorteditorwidth=\skip85
Package biblatex Info: Trying to load compatibility code...
Package biblatex Info: ... file 'blx-compat.def' found.

("C:\Users\lauti\AppData\Local\Programs\MiKTeX 2.9\tex\latex\biblatex\blx-compa
t.def"
File: blx-compat.def 2018/03/04 v3.11 biblatex compatibility (PK/MW)
)
Package biblatex Info: Trying to load BibTeX backend compatibility...
Package biblatex Info: ... file 'blx-bibtex.def' found.

("C:\Users\lauti\AppData\Local\Programs\MiKTeX 2.9\tex\latex\biblatex\blx-bibte
x.def"
File: blx-bibtex.def 2018/03/04 v3.11 biblatex compatibility (PK/MW)


Package biblatex Warning: Using fall-back BibTeX(8) backend:
(biblatex)                functionality may be reduced/unavailable.

)
Package biblatex Info: Trying to load generic definitions...
Package biblatex Info: ... file 'biblatex.def' found.

("C:\Users\lauti\AppData\Local\Programs\MiKTeX 2.9\tex\latex\biblatex\biblatex.
def"
File: biblatex.def 2018/03/04 v3.11 biblatex compatibility (PK/MW)
\c@textcitecount=\count297
\c@textcitetotal=\count298
\c@textcitemaxnames=\count299
\c@biburlnumpenalty=\count300
\c@biburlucpenalty=\count301
\c@biburllcpenalty=\count302
\c@smartand=\count303
)
Package biblatex Info: Trying to load bibliography style 'numeric'...
Package biblatex Info: ... file 'numeric.bbx' found.

("C:\Users\lauti\AppData\Local\Programs\MiKTeX 2.9\tex\latex\biblatex\bbx\numer
ic.bbx"
File: numeric.bbx 2018/03/04 v3.11 biblatex bibliography style (PK/MW)
Package biblatex Info: Trying to load bibliography style 'standard'...
Package biblatex Info: ... file 'standard.bbx' found.

("C:\Users\lauti\AppData\Local\Programs\MiKTeX 2.9\tex\latex\biblatex\bbx\stand
ard.bbx"
File: standard.bbx 2018/03/04 v3.11 biblatex bibliography style (PK/MW)
\c@bbx:relatedcount=\count304
\c@bbx:relatedtotal=\count305
))
Package biblatex Info: Trying to load citation style 'numeric'...
Package biblatex Info: ... file 'numeric.cbx' found.

("C:\Users\lauti\AppData\Local\Programs\MiKTeX 2.9\tex\latex\biblatex\cbx\numer
ic.cbx"
File: numeric.cbx 2018/03/04 v3.11 biblatex citation style (PK/MW)
Package biblatex Info: Redefining '\cite'.
Package biblatex Info: Redefining '\parencite'.
Package biblatex Info: Redefining '\footcite'.
Package biblatex Info: Redefining '\footcitetext'.
Package biblatex Info: Redefining '\smartcite'.
Package biblatex Info: Redefining '\supercite'.
Package biblatex Info: Redefining '\textcite'.
Package biblatex Info: Redefining '\textcites'.
Package biblatex Info: Redefining '\cites'.
Package biblatex Info: Redefining '\parencites'.
Package biblatex Info: Redefining '\smartcites'.
)
Package biblatex Info: Trying to load configuration file...
Package biblatex Info: ... file 'biblatex.cfg' found.

("C:\Users\lauti\AppData\Local\Programs\MiKTeX 2.9\tex\latex\biblatex\biblatex.
cfg"
File: biblatex.cfg 
))
("C:\Users\lauti\AppData\Local\Programs\MiKTeX 2.9\tex\latex\tools\tabularx.sty
"
Package: tabularx 2016/02/03 v2.11 `tabularx' package (DPC)
 ("C:\Users\lauti\AppData\Local\Programs\MiKTeX 2.9\tex\latex\tools\array.sty"
Package: array 2016/10/06 v2.4d Tabular extension package (FMi)
\col@sep=\dimen131
\extrarowheight=\dimen132
\NC@list=\toks22
\extratabsurround=\skip86
\backup@length=\skip87
)
\TX@col@width=\dimen133
\TX@old@table=\dimen134
\TX@old@col=\dimen135
\TX@target=\dimen136
\TX@delta=\dimen137
\TX@cols=\count306
\TX@ftn=\toks23
)
Package biblatex Info: Trying to load language 'ngerman'...
Package biblatex Info: ... file 'ngerman.lbx' found.

("C:\Users\lauti\AppData\Local\Programs\MiKTeX 2.9\tex\latex\biblatex\lbx\ngerm
an.lbx"
File: ngerman.lbx 2018/03/04 v3.11 biblatex localization (PK/MW)
Package biblatex Info: Trying to load language 'german'...
Package biblatex Info: ... file 'german.lbx' found.

("C:\Users\lauti\AppData\Local\Programs\MiKTeX 2.9\tex\latex\biblatex\lbx\germa
n.lbx"
File: german.lbx 2018/03/04 v3.11 biblatex localization (PK/MW)
)
Package biblatex Info: Trying to load language 'german'...
Package biblatex Info: ... file 'german.lbx' found.

("C:\Users\lauti\AppData\Local\Programs\MiKTeX 2.9\tex\latex\biblatex\lbx\germa
n.lbx"
File: german.lbx 2018/03/04 v3.11 biblatex localization (PK/MW)
))

Package biblatex Warning: 'babel/polyglossia' detected but 'csquotes' missing.
(biblatex)                Loading 'csquotes' recommended.

\@quotelevel=\count307
\@quotereset=\count308
("Bachelorarbeit - Dokumentation PreVersion.aux")
\openout1 = `"Bachelorarbeit - Dokumentation PreVersion.aux"'.

LaTeX Font Info:    Checking defaults for OML/cmm/m/it on input line 21.
LaTeX Font Info:    ... okay on input line 21.
LaTeX Font Info:    Checking defaults for T1/cmr/m/n on input line 21.
LaTeX Font Info:    ... okay on input line 21.
LaTeX Font Info:    Checking defaults for OT1/cmr/m/n on input line 21.
LaTeX Font Info:    ... okay on input line 21.
LaTeX Font Info:    Checking defaults for OMS/cmsy/m/n on input line 21.
LaTeX Font Info:    ... okay on input line 21.
LaTeX Font Info:    Checking defaults for OMX/cmex/m/n on input line 21.
LaTeX Font Info:    ... okay on input line 21.
LaTeX Font Info:    Checking defaults for U/cmr/m/n on input line 21.
LaTeX Font Info:    ... okay on input line 21.
LaTeX Font Info:    Checking defaults for PD1/pdf/m/n on input line 21.
LaTeX Font Info:    ... okay on input line 21.
LaTeX Font Info:    Try loading font information for T1+lmr on input line 21.

("C:\Users\lauti\AppData\Local\Programs\MiKTeX 2.9\tex\latex\lm\t1lmr.fd"
File: t1lmr.fd 2009/10/30 v1.6 Font defs for Latin Modern
)
\AtBeginShipoutBox=\box30
Package hyperref Info: Link coloring OFF on input line 21.

("C:\Users\lauti\AppData\Local\Programs\MiKTeX 2.9\tex\latex\hyperref\nameref.s
ty"
Package: nameref 2016/05/21 v2.44 Cross-referencing by name of section

("C:\Users\lauti\AppData\Local\Programs\MiKTeX 2.9\tex\generic\oberdiek\gettitl
estring.sty"
Package: gettitlestring 2016/05/16 v1.5 Cleanup title references (HO)
)
\c@section@level=\count309
)
LaTeX Info: Redefining \ref on input line 21.
LaTeX Info: Redefining \pageref on input line 21.
LaTeX Info: Redefining \nameref on input line 21.
 ("Bachelorarbeit - Dokumentation PreVersion.out")
("Bachelorarbeit - Dokumentation PreVersion.out")
\@outlinefile=\write5
\openout5 = `"Bachelorarbeit - Dokumentation PreVersion.out"'.


("C:\Users\lauti\AppData\Local\Programs\MiKTeX 2.9\tex\context\base\supp-pdf.mk
ii"
[Loading MPS to PDF converter (version 2006.09.02).]
\scratchcounter=\count310
\scratchdimen=\dimen138
\scratchbox=\box31
\nofMPsegments=\count311
\nofMParguments=\count312
\everyMPshowfont=\toks24
\MPscratchCnt=\count313
\MPscratchDim=\dimen139
\MPnumerator=\count314
\makeMPintoPDFobject=\count315
\everyMPtoPDFconversion=\toks25
)
("C:\Users\lauti\AppData\Local\Programs\MiKTeX 2.9\tex\latex\oberdiek\epstopdf-
base.sty"
Package: epstopdf-base 2016/05/15 v2.6 Base part for package epstopdf

("C:\Users\lauti\AppData\Local\Programs\MiKTeX 2.9\tex\latex\oberdiek\grfext.st
y"
Package: grfext 2016/05/16 v1.2 Manage graphics extensions (HO)
)
Package epstopdf-base Info: Redefining graphics rule for `.eps' on input line 4
38.
Package grfext Info: Graphics extension search list:
(grfext)             [.pdf,.png,.jpg,.mps,.jpeg,.jbig2,.jb2,.PDF,.PNG,.JPG,.JPE
G,.JBIG2,.JB2,.eps]
(grfext)             \AppendGraphicsExtensions on input line 456.
)
Package biblatex Info: Input encoding 'utf8' detected.
Package biblatex Info: Automatic encoding selection.
(biblatex)             Assuming data encoding 'utf8'.
Package biblatex Info: Input encoding 'utf8' specified.
Package biblatex Info: Data encoding 'utf8' specified.
(biblatex)             No need to reencode data.
\openout4 = `Bachelorarbeit_-_Dokumentation_PreVersion-blx.bib'.

Package biblatex Info: Trying to load bibliographic data...
Package biblatex Info: ... file '"Bachelorarbeit - Dokumentation PreVersion".bb
l' found.
 ("Bachelorarbeit - Dokumentation PreVersion.bbl")
Package biblatex Info: Reference section=0 on input line 21.
Package biblatex Info: Reference segment=0 on input line 21.
LaTeX Font Info:    Try loading font information for T1+lmss on input line 23.

("C:\Users\lauti\AppData\Local\Programs\MiKTeX 2.9\tex\latex\lm\t1lmss.fd"
File: t1lmss.fd 2009/10/30 v1.6 Font defs for Latin Modern
)
LaTeX Font Info:    Try loading font information for OT1+lmr on input line 23.

("C:\Users\lauti\AppData\Local\Programs\MiKTeX 2.9\tex\latex\lm\ot1lmr.fd"
File: ot1lmr.fd 2009/10/30 v1.6 Font defs for Latin Modern
)
LaTeX Font Info:    Try loading font information for OML+lmm on input line 23.

("C:\Users\lauti\AppData\Local\Programs\MiKTeX 2.9\tex\latex\lm\omllmm.fd"
File: omllmm.fd 2009/10/30 v1.6 Font defs for Latin Modern
)
LaTeX Font Info:    Try loading font information for OMS+lmsy on input line 23.


("C:\Users\lauti\AppData\Local\Programs\MiKTeX 2.9\tex\latex\lm\omslmsy.fd"
File: omslmsy.fd 2009/10/30 v1.6 Font defs for Latin Modern
)
LaTeX Font Info:    Try loading font information for OMX+lmex on input line 23.


("C:\Users\lauti\AppData\Local\Programs\MiKTeX 2.9\tex\latex\lm\omxlmex.fd"
File: omxlmex.fd 2009/10/30 v1.6 Font defs for Latin Modern
)
LaTeX Font Info:    External font `lmex10' loaded for size
(Font)              <14.4> on input line 23.
LaTeX Font Info:    External font `lmex10' loaded for size
(Font)              <10> on input line 23.
LaTeX Font Info:    External font `lmex10' loaded for size
(Font)              <7> on input line 23.
Package babel Info: Redefining ngerman shorthand "|
(babel)             in language append on input line 23.
Package babel Info: Redefining ngerman shorthand "~
(babel)             in language append on input line 23.
Package babel Info: Redefining ngerman shorthand "|
(babel)             in language append on input line 23.
Package babel Info: Redefining ngerman shorthand "~
(babel)             in language append on input line 23.

[1



{C:/Users/lauti/AppData/Local/MiKTeX/2.9/pdftex/config/pdftex.map}]
("Bachelorarbeit - Dokumentation PreVersion.toc"
LaTeX Font Info:    External font `lmex10' loaded for size
(Font)              <10.95> on input line 6.
LaTeX Font Info:    External font `lmex10' loaded for size
(Font)              <8> on input line 6.
LaTeX Font Info:    External font `lmex10' loaded for size
(Font)              <6> on input line 6.
Package babel Info: Redefining ngerman shorthand "|
(babel)             in language append on input line 78.
Package babel Info: Redefining ngerman shorthand "~
(babel)             in language append on input line 78.
Package babel Info: Redefining ngerman shorthand "|
(babel)             in language append on input line 78.
Package babel Info: Redefining ngerman shorthand "~
(babel)             in language append on input line 78.
 [2

])
\tf@toc=\write6
\openout6 = `"Bachelorarbeit - Dokumentation PreVersion.toc"'.

Package babel Info: Redefining ngerman shorthand "|
(babel)             in language append on input line 24.
Package babel Info: Redefining ngerman shorthand "~
(babel)             in language append on input line 24.
Package babel Info: Redefining ngerman shorthand "|
(babel)             in language append on input line 24.
Package babel Info: Redefining ngerman shorthand "~
(babel)             in language append on input line 24.
 [3]
("Bachelorarbeit - Dokumentation PreVersion.lot")
\tf@lot=\write7
\openout7 = `"Bachelorarbeit - Dokumentation PreVersion.lot"'.

Package babel Info: Redefining ngerman shorthand "|
(babel)             in language append on input line 25.
Package babel Info: Redefining ngerman shorthand "~
(babel)             in language append on input line 25.
Package babel Info: Redefining ngerman shorthand "|
(babel)             in language append on input line 25.
Package babel Info: Redefining ngerman shorthand "~
(babel)             in language append on input line 25.
 [4

]
("Bachelorarbeit - Dokumentation PreVersion.lof")
\tf@lof=\write8
\openout8 = `"Bachelorarbeit - Dokumentation PreVersion.lof"'.

Package babel Info: Redefining ngerman shorthand "|
(babel)             in language append on input line 27.
Package babel Info: Redefining ngerman shorthand "~
(babel)             in language append on input line 27.
Package babel Info: Redefining ngerman shorthand "|
(babel)             in language append on input line 27.
Package babel Info: Redefining ngerman shorthand "~
(babel)             in language append on input line 27.
 [5

]
chapter 1.
Package babel Info: Redefining ngerman shorthand "|
(babel)             in language append on input line 27.
Package babel Info: Redefining ngerman shorthand "~
(babel)             in language append on input line 27.
Package babel Info: Redefining ngerman shorthand "|
(babel)             in language append on input line 31.
Package babel Info: Redefining ngerman shorthand "~
(babel)             in language append on input line 31.
LaTeX Font Info:    Try loading font information for OMS+lmr on input line 34.
("C:\Users\lauti\AppData\Local\Programs\MiKTeX 2.9\tex\latex\lm\omslmr.fd"
File: omslmr.fd 2009/10/30 v1.6 Font defs for Latin Modern
)
LaTeX Font Info:    Font shape `OMS/lmr/m/n' in size <10.95> not available
(Font)              Font shape `OMS/lmsy/m/n' tried instead on input line 34.
Package babel Info: Redefining ngerman shorthand "|
(babel)             in language append on input line 40.
Package babel Info: Redefining ngerman shorthand "~
(babel)             in language append on input line 40.
Package babel Info: Redefining ngerman shorthand "|
(babel)             in language append on input line 44.
Package babel Info: Redefining ngerman shorthand "~
(babel)             in language append on input line 44.
Package babel Info: Redefining ngerman shorthand "|
(babel)             in language append on input line 46.
Package babel Info: Redefining ngerman shorthand "~
(babel)             in language append on input line 46.
Package babel Info: Redefining ngerman shorthand "|
(babel)             in language append on input line 46.
Package babel Info: Redefining ngerman shorthand "~
(babel)             in language append on input line 46.

[6

]
Package babel Info: Redefining ngerman shorthand "|
(babel)             in language append on input line 47.
Package babel Info: Redefining ngerman shorthand "~
(babel)             in language append on input line 47.

Overfull \hbox (6.69582pt too wide) in paragraph at lines 54--55
[]\T1/lmr/m/n/10.95 Zeitplanung/Fortschrittsverfolgung, so-wie Erinnerungs- und
 Be-nach-rich-ti-gungs-funk-
 []

Package babel Info: Redefining ngerman shorthand "|
(babel)             in language append on input line 67.
Package babel Info: Redefining ngerman shorthand "~
(babel)             in language append on input line 67.
Package babel Info: Redefining ngerman shorthand "|
(babel)             in language append on input line 67.
Package babel Info: Redefining ngerman shorthand "~
(babel)             in language append on input line 67.
[7]
Package babel Info: Redefining ngerman shorthand "|
(babel)             in language append on input line 71.
Package babel Info: Redefining ngerman shorthand "~
(babel)             in language append on input line 71.
Package babel Info: Redefining ngerman shorthand "|
(babel)             in language append on input line 74.
Package babel Info: Redefining ngerman shorthand "~
(babel)             in language append on input line 74.
Package babel Info: Redefining ngerman shorthand "|
(babel)             in language append on input line 77.
Package babel Info: Redefining ngerman shorthand "~
(babel)             in language append on input line 77.
Package babel Info: Redefining ngerman shorthand "|
(babel)             in language append on input line 80.
Package babel Info: Redefining ngerman shorthand "~
(babel)             in language append on input line 80.
Package babel Info: Redefining ngerman shorthand "|
(babel)             in language append on input line 84.
Package babel Info: Redefining ngerman shorthand "~
(babel)             in language append on input line 84.
Package babel Info: Redefining ngerman shorthand "|
(babel)             in language append on input line 87.
Package babel Info: Redefining ngerman shorthand "~
(babel)             in language append on input line 87.
Package babel Info: Redefining ngerman shorthand "|
(babel)             in language append on input line 90.
Package babel Info: Redefining ngerman shorthand "~
(babel)             in language append on input line 90.
Package babel Info: Redefining ngerman shorthand "|
(babel)             in language append on input line 90.
Package babel Info: Redefining ngerman shorthand "~
(babel)             in language append on input line 90.
 [8]
Package babel Info: Redefining ngerman shorthand "|
(babel)             in language append on input line 90.
Package babel Info: Redefining ngerman shorthand "~
(babel)             in language append on input line 90.
Package babel Info: Redefining ngerman shorthand "|
(babel)             in language append on input line 93.
Package babel Info: Redefining ngerman shorthand "~
(babel)             in language append on input line 93.
Package babel Info: Redefining ngerman shorthand "|
(babel)             in language append on input line 97.
Package babel Info: Redefining ngerman shorthand "~
(babel)             in language append on input line 97.
Package babel Info: Redefining ngerman shorthand "|
(babel)             in language append on input line 97.
Package babel Info: Redefining ngerman shorthand "~
(babel)             in language append on input line 97.
 [9]
chapter 2.
Package babel Info: Redefining ngerman shorthand "|
(babel)             in language append on input line 97.
Package babel Info: Redefining ngerman shorthand "~
(babel)             in language append on input line 97.
Package babel Info: Redefining ngerman shorthand "|
(babel)             in language append on input line 99.
Package babel Info: Redefining ngerman shorthand "~
(babel)             in language append on input line 99.
Package babel Info: Redefining ngerman shorthand "|
(babel)             in language append on input line 102.
Package babel Info: Redefining ngerman shorthand "~
(babel)             in language append on input line 102.
Package babel Info: Redefining ngerman shorthand "|
(babel)             in language append on input line 118.
Package babel Info: Redefining ngerman shorthand "~
(babel)             in language append on input line 118.
Package babel Info: Redefining ngerman shorthand "|
(babel)             in language append on input line 120.
Package babel Info: Redefining ngerman shorthand "~
(babel)             in language append on input line 120.
Package babel Info: Redefining ngerman shorthand "|
(babel)             in language append on input line 122.
Package babel Info: Redefining ngerman shorthand "~
(babel)             in language append on input line 122.
Package babel Info: Redefining ngerman shorthand "|
(babel)             in language append on input line 124.
Package babel Info: Redefining ngerman shorthand "~
(babel)             in language append on input line 124.
Package babel Info: Redefining ngerman shorthand "|
(babel)             in language append on input line 127.
Package babel Info: Redefining ngerman shorthand "~
(babel)             in language append on input line 127.
Package babel Info: Redefining ngerman shorthand "|
(babel)             in language append on input line 127.
Package babel Info: Redefining ngerman shorthand "~
(babel)             in language append on input line 127.
[10

]
Package babel Info: Redefining ngerman shorthand "|
(babel)             in language append on input line 127.
Package babel Info: Redefining ngerman shorthand "~
(babel)             in language append on input line 127.
Package babel Info: Redefining ngerman shorthand "|
(babel)             in language append on input line 127.
Package babel Info: Redefining ngerman shorthand "~
(babel)             in language append on input line 127.
 [11]
chapter 3.
Package babel Info: Redefining ngerman shorthand "|
(babel)             in language append on input line 127.
Package babel Info: Redefining ngerman shorthand "~
(babel)             in language append on input line 127.
Package babel Info: Redefining ngerman shorthand "|
(babel)             in language append on input line 129.
Package babel Info: Redefining ngerman shorthand "~
(babel)             in language append on input line 129.
Package babel Info: Redefining ngerman shorthand "|
(babel)             in language append on input line 133.
Package babel Info: Redefining ngerman shorthand "~
(babel)             in language append on input line 133.
Package babel Info: Redefining ngerman shorthand "|
(babel)             in language append on input line 135.
Package babel Info: Redefining ngerman shorthand "~
(babel)             in language append on input line 135.

Underfull \hbox (badness 10000) in paragraph at lines 136--138

 []


Underfull \hbox (badness 10000) in paragraph at lines 136--138

 []


Underfull \hbox (badness 10000) in paragraph at lines 138--139

 []

Package babel Info: Redefining ngerman shorthand "|
(babel)             in language append on input line 141.
Package babel Info: Redefining ngerman shorthand "~
(babel)             in language append on input line 141.

Underfull \hbox (badness 10000) in paragraph at lines 142--144

 []


Underfull \hbox (badness 10000) in paragraph at lines 142--144

 []

Package babel Info: Redefining ngerman shorthand "|
(babel)             in language append on input line 144.
Package babel Info: Redefining ngerman shorthand "~
(babel)             in language append on input line 144.
Package babel Info: Redefining ngerman shorthand "|
(babel)             in language append on input line 144.
Package babel Info: Redefining ngerman shorthand "~
(babel)             in language append on input line 144.
[12

]
Underfull \hbox (badness 10000) in paragraph at lines 144--145

 []

Package babel Info: Redefining ngerman shorthand "|
(babel)             in language append on input line 146.
Package babel Info: Redefining ngerman shorthand "~
(babel)             in language append on input line 146.
Package babel Info: Redefining ngerman shorthand "|
(babel)             in language append on input line 146.
Package babel Info: Redefining ngerman shorthand "~
(babel)             in language append on input line 146.
[13]
Package babel Info: Redefining ngerman shorthand "|
(babel)             in language append on input line 148.
Package babel Info: Redefining ngerman shorthand "~
(babel)             in language append on input line 148.

Underfull \hbox (badness 10000) in paragraph at lines 149--151

 []


Underfull \hbox (badness 10000) in paragraph at lines 149--151

 []


Underfull \hbox (badness 10000) in paragraph at lines 151--153

 []


Overfull \hbox (1.2223pt too wide) in paragraph at lines 154--155
[]\T1/lmr/m/n/10.95 Zielgerichteter(er) Methoden-Einsatz von al-len Me-tho-den,
 die im Informatik/SWT-
 []

Package babel Info: Redefining ngerman shorthand "|
(babel)             in language append on input line 164.
Package babel Info: Redefining ngerman shorthand "~
(babel)             in language append on input line 164.
Package babel Info: Redefining ngerman shorthand "|
(babel)             in language append on input line 164.
Package babel Info: Redefining ngerman shorthand "~
(babel)             in language append on input line 164.
[14]
Package babel Info: Redefining ngerman shorthand "|
(babel)             in language append on input line 166.
Package babel Info: Redefining ngerman shorthand "~
(babel)             in language append on input line 166.

Underfull \hbox (badness 10000) in paragraph at lines 167--169

 []


Underfull \hbox (badness 10000) in paragraph at lines 167--169

 []


Underfull \hbox (badness 10000) in paragraph at lines 169--170

 []

Package babel Info: Redefining ngerman shorthand "|
(babel)             in language append on input line 172.
Package babel Info: Redefining ngerman shorthand "~
(babel)             in language append on input line 172.

Underfull \hbox (badness 10000) in paragraph at lines 173--176

 []


Underfull \hbox (badness 10000) in paragraph at lines 173--176

 []

Package babel Info: Redefining ngerman shorthand "|
(babel)             in language append on input line 181.
Package babel Info: Redefining ngerman shorthand "~
(babel)             in language append on input line 181.
Package babel Info: Redefining ngerman shorthand "|
(babel)             in language append on input line 181.
Package babel Info: Redefining ngerman shorthand "~
(babel)             in language append on input line 181.
[15]
Package babel Info: Redefining ngerman shorthand "|
(babel)             in language append on input line 183.
Package babel Info: Redefining ngerman shorthand "~
(babel)             in language append on input line 183.

Underfull \hbox (badness 10000) in paragraph at lines 186--187

 []


Underfull \hbox (badness 10000) in paragraph at lines 191--192

 []

Package babel Info: Redefining ngerman shorthand "|
(babel)             in language append on input line 199.
Package babel Info: Redefining ngerman shorthand "~
(babel)             in language append on input line 199.
Package babel Info: Redefining ngerman shorthand "|
(babel)             in language append on input line 199.
Package babel Info: Redefining ngerman shorthand "~
(babel)             in language append on input line 199.
[16]
Package babel Info: Redefining ngerman shorthand "|
(babel)             in language append on input line 201.
Package babel Info: Redefining ngerman shorthand "~
(babel)             in language append on input line 201.
Package babel Info: Redefining ngerman shorthand "|
(babel)             in language append on input line 202.
Package babel Info: Redefining ngerman shorthand "~
(babel)             in language append on input line 202.

Underfull \hbox (badness 10000) in paragraph at lines 203--204

 []


Underfull \hbox (badness 10000) in paragraph at lines 204--206

 []


Underfull \hbox (badness 10000) in paragraph at lines 204--206

 []


Underfull \hbox (badness 10000) in paragraph at lines 206--207

 []


Underfull \hbox (badness 10000) in paragraph at lines 207--208

 []


Underfull \hbox (badness 10000) in paragraph at lines 208--209

 []


Underfull \hbox (badness 10000) in paragraph at lines 208--209

 []


Underfull \hbox (badness 10000) in paragraph at lines 211--212

 []


Underfull \hbox (badness 10000) in paragraph at lines 212--214

 []

Package babel Info: Redefining ngerman shorthand "|
(babel)             in language append on input line 214.
Package babel Info: Redefining ngerman shorthand "~
(babel)             in language append on input line 214.
Package babel Info: Redefining ngerman shorthand "|
(babel)             in language append on input line 214.
Package babel Info: Redefining ngerman shorthand "~
(babel)             in language append on input line 214.
[17]
Package babel Info: Redefining ngerman shorthand "|
(babel)             in language append on input line 250.
Package babel Info: Redefining ngerman shorthand "~
(babel)             in language append on input line 250.
Package babel Info: Redefining ngerman shorthand "|
(babel)             in language append on input line 250.
Package babel Info: Redefining ngerman shorthand "~
(babel)             in language append on input line 250.
 [18]
Package babel Info: Redefining ngerman shorthand "|
(babel)             in language append on input line 290.
Package babel Info: Redefining ngerman shorthand "~
(babel)             in language append on input line 290.
Package babel Info: Redefining ngerman shorthand "|
(babel)             in language append on input line 290.
Package babel Info: Redefining ngerman shorthand "~
(babel)             in language append on input line 290.
 [19]
Overfull \hbox (43.92375pt too wide) in paragraph at lines 304--305
[]\T1/lmr/m/n/10.95 Reine Re-cher-chie-ren-de Ar-bei-ten fin-den in dem Stu-die
n-gang In-for-ma-tik/Softwareentwicklung
 []


Underfull \hbox (badness 10000) in paragraph at lines 307--308

 []


Underfull \hbox (badness 10000) in paragraph at lines 308--309

 []


Underfull \hbox (badness 10000) in paragraph at lines 315--316

 []


Underfull \hbox (badness 10000) in paragraph at lines 316--317

 []


Underfull \hbox (badness 10000) in paragraph at lines 323--324

 []


Underfull \hbox (badness 10000) in paragraph at lines 324--325

 []

Package babel Info: Redefining ngerman shorthand "|
(babel)             in language append on input line 325.
Package babel Info: Redefining ngerman shorthand "~
(babel)             in language append on input line 325.
Package babel Info: Redefining ngerman shorthand "|
(babel)             in language append on input line 325.
Package babel Info: Redefining ngerman shorthand "~
(babel)             in language append on input line 325.
[20]
Package babel Info: Redefining ngerman shorthand "|
(babel)             in language append on input line 331.
Package babel Info: Redefining ngerman shorthand "~
(babel)             in language append on input line 331.
Package babel Info: Redefining ngerman shorthand "|
(babel)             in language append on input line 335.
Package babel Info: Redefining ngerman shorthand "~
(babel)             in language append on input line 335.
Package babel Info: Redefining ngerman shorthand "|
(babel)             in language append on input line 343.
Package babel Info: Redefining ngerman shorthand "~
(babel)             in language append on input line 343.
Package babel Info: Redefining ngerman shorthand "|
(babel)             in language append on input line 351.
Package babel Info: Redefining ngerman shorthand "~
(babel)             in language append on input line 351.
Package babel Info: Redefining ngerman shorthand "|
(babel)             in language append on input line 351.
Package babel Info: Redefining ngerman shorthand "~
(babel)             in language append on input line 351.
 [21]
Underfull \hbox (badness 10000) in paragraph at lines 353--354

 []


Underfull \hbox (badness 10000) in paragraph at lines 363--364

 []


Underfull \hbox (badness 10000) in paragraph at lines 366--367

 []


Underfull \hbox (badness 10000) in paragraph at lines 370--371

 []


Underfull \hbox (badness 10000) in paragraph at lines 373--374

 []

Package babel Info: Redefining ngerman shorthand "|
(babel)             in language append on input line 376.
Package babel Info: Redefining ngerman shorthand "~
(babel)             in language append on input line 376.
Package babel Info: Redefining ngerman shorthand "|
(babel)             in language append on input line 376.
Package babel Info: Redefining ngerman shorthand "~
(babel)             in language append on input line 376.
[22]
Underfull \hbox (badness 10000) in paragraph at lines 382--383

 []


Underfull \hbox (badness 10000) in paragraph at lines 385--386

 []


Underfull \hbox (badness 10000) in paragraph at lines 388--389

 []


Underfull \hbox (badness 10000) in paragraph at lines 391--392

 []

Package babel Info: Redefining ngerman shorthand "|
(babel)             in language append on input line 394.
Package babel Info: Redefining ngerman shorthand "~
(babel)             in language append on input line 394.
Package babel Info: Redefining ngerman shorthand "|
(babel)             in language append on input line 394.
Package babel Info: Redefining ngerman shorthand "~
(babel)             in language append on input line 394.
[23]
Underfull \hbox (badness 10000) in paragraph at lines 399--400

 []


Underfull \hbox (badness 10000) in paragraph at lines 402--403

 []


Underfull \hbox (badness 10000) in paragraph at lines 405--406

 []


Underfull \hbox (badness 10000) in paragraph at lines 408--409

 []

Package babel Info: Redefining ngerman shorthand "|
(babel)             in language append on input line 414.
Package babel Info: Redefining ngerman shorthand "~
(babel)             in language append on input line 414.
Package babel Info: Redefining ngerman shorthand "|
(babel)             in language append on input line 414.
Package babel Info: Redefining ngerman shorthand "~
(babel)             in language append on input line 414.
[24]
Underfull \hbox (badness 10000) in paragraph at lines 415--416

 []


Underfull \hbox (badness 10000) in paragraph at lines 418--419

 []


Underfull \hbox (badness 10000) in paragraph at lines 420--421

 []


Underfull \hbox (badness 10000) in paragraph at lines 420--421

 []

Package babel Info: Redefining ngerman shorthand "|
(babel)             in language append on input line 438.
Package babel Info: Redefining ngerman shorthand "~
(babel)             in language append on input line 438.
Package babel Info: Redefining ngerman shorthand "|
(babel)             in language append on input line 440.
Package babel Info: Redefining ngerman shorthand "~
(babel)             in language append on input line 440.

Overfull \hbox (3.3512pt too wide) in paragraph at lines 441--442
\T1/lmr/m/n/10.95 Als u-erst in-ter-essan-ter Aspekt, wur-den die teil-wei-se
 un-ter-schied-lich aus-fal-len-den Kennt-
 []

Package babel Info: Redefining ngerman shorthand "|
(babel)             in language append on input line 445.
Package babel Info: Redefining ngerman shorthand "~
(babel)             in language append on input line 445.
Package babel Info: Redefining ngerman shorthand "|
(babel)             in language append on input line 446.
Package babel Info: Redefining ngerman shorthand "~
(babel)             in language append on input line 446.
Package babel Info: Redefining ngerman shorthand "|
(babel)             in language append on input line 447.
Package babel Info: Redefining ngerman shorthand "~
(babel)             in language append on input line 447.
Package babel Info: Redefining ngerman shorthand "|
(babel)             in language append on input line 449.
Package babel Info: Redefining ngerman shorthand "~
(babel)             in language append on input line 449.
Package babel Info: Redefining ngerman shorthand "|
(babel)             in language append on input line 451.
Package babel Info: Redefining ngerman shorthand "~
(babel)             in language append on input line 451.

Overfull \hbox (50.49617pt too wide) in paragraph at lines 452--461
\T1/lmr/m/n/10.95 for-ma-tik-stu-den-ten we-nig In-ter-es-se an so-zia-lem An-s
chluss - Mo-ti-va-ti-ons-theo-rie (Maslow/McCelland)
 []

Package babel Info: Redefining ngerman shorthand "|
(babel)             in language append on input line 461.
Package babel Info: Redefining ngerman shorthand "~
(babel)             in language append on input line 461.
Package babel Info: Redefining ngerman shorthand "|
(babel)             in language append on input line 461.
Package babel Info: Redefining ngerman shorthand "~
(babel)             in language append on input line 461.
[25]
Package babel Info: Redefining ngerman shorthand "|
(babel)             in language append on input line 463.
Package babel Info: Redefining ngerman shorthand "~
(babel)             in language append on input line 463.
Package babel Info: Redefining ngerman shorthand "|
(babel)             in language append on input line 463.
Package babel Info: Redefining ngerman shorthand "~
(babel)             in language append on input line 463.
 [26]
chapter 4.
Package babel Info: Redefining ngerman shorthand "|
(babel)             in language append on input line 463.
Package babel Info: Redefining ngerman shorthand "~
(babel)             in language append on input line 463.
Package babel Info: Redefining ngerman shorthand "|
(babel)             in language append on input line 465.
Package babel Info: Redefining ngerman shorthand "~
(babel)             in language append on input line 465.

Underfull \hbox (badness 10000) in paragraph at lines 466--467

 []

Package babel Info: Redefining ngerman shorthand "|
(babel)             in language append on input line 477.
Package babel Info: Redefining ngerman shorthand "~
(babel)             in language append on input line 477.
Package babel Info: Redefining ngerman shorthand "|
(babel)             in language append on input line 498.
Package babel Info: Redefining ngerman shorthand "~
(babel)             in language append on input line 498.
Package babel Info: Redefining ngerman shorthand "|
(babel)             in language append on input line 500.
Package babel Info: Redefining ngerman shorthand "~
(babel)             in language append on input line 500.
Package babel Info: Redefining ngerman shorthand "|
(babel)             in language append on input line 500.
Package babel Info: Redefining ngerman shorthand "~
(babel)             in language append on input line 500.
[27

]
Underfull \hbox (badness 10000) in paragraph at lines 500--501

 []


Underfull \hbox (badness 10000) in paragraph at lines 502--503

 []

Package babel Info: Redefining ngerman shorthand "|
(babel)             in language append on input line 520.
Package babel Info: Redefining ngerman shorthand "~
(babel)             in language append on input line 520.

Underfull \hbox (badness 10000) in paragraph at lines 521--522

 []

Package babel Info: Redefining ngerman shorthand "|
(babel)             in language append on input line 522.
Package babel Info: Redefining ngerman shorthand "~
(babel)             in language append on input line 522.
Package babel Info: Redefining ngerman shorthand "|
(babel)             in language append on input line 522.
Package babel Info: Redefining ngerman shorthand "~
(babel)             in language append on input line 522.
[28]
Package babel Info: Redefining ngerman shorthand "|
(babel)             in language append on input line 533.
Package babel Info: Redefining ngerman shorthand "~
(babel)             in language append on input line 533.

Underfull \hbox (badness 10000) in paragraph at lines 534--535

 []

Package babel Info: Redefining ngerman shorthand "|
(babel)             in language append on input line 544.
Package babel Info: Redefining ngerman shorthand "~
(babel)             in language append on input line 544.
Package babel Info: Redefining ngerman shorthand "|
(babel)             in language append on input line 548.
Package babel Info: Redefining ngerman shorthand "~
(babel)             in language append on input line 548.
Package babel Info: Redefining ngerman shorthand "|
(babel)             in language append on input line 549.
Package babel Info: Redefining ngerman shorthand "~
(babel)             in language append on input line 549.
Package babel Info: Redefining ngerman shorthand "|
(babel)             in language append on input line 550.
Package babel Info: Redefining ngerman shorthand "~
(babel)             in language append on input line 550.
Package babel Info: Redefining ngerman shorthand "|
(babel)             in language append on input line 551.
Package babel Info: Redefining ngerman shorthand "~
(babel)             in language append on input line 551.
Package babel Info: Redefining ngerman shorthand "|
(babel)             in language append on input line 552.
Package babel Info: Redefining ngerman shorthand "~
(babel)             in language append on input line 552.
Package babel Info: Redefining ngerman shorthand "|
(babel)             in language append on input line 556.
Package babel Info: Redefining ngerman shorthand "~
(babel)             in language append on input line 556.
Package babel Info: Redefining ngerman shorthand "|
(babel)             in language append on input line 556.
Package babel Info: Redefining ngerman shorthand "~
(babel)             in language append on input line 556.
[29]
Package babel Info: Redefining ngerman shorthand "|
(babel)             in language append on input line 556.
Package babel Info: Redefining ngerman shorthand "~
(babel)             in language append on input line 556.
Package babel Info: Redefining ngerman shorthand "|
(babel)             in language append on input line 556.
Package babel Info: Redefining ngerman shorthand "~
(babel)             in language append on input line 556.
 [30]
chapter 5.
Package babel Info: Redefining ngerman shorthand "|
(babel)             in language append on input line 556.
Package babel Info: Redefining ngerman shorthand "~
(babel)             in language append on input line 556.
Package babel Info: Redefining ngerman shorthand "|
(babel)             in language append on input line 557.
Package babel Info: Redefining ngerman shorthand "~
(babel)             in language append on input line 557.
Package babel Info: Redefining ngerman shorthand "|
(babel)             in language append on input line 558.
Package babel Info: Redefining ngerman shorthand "~
(babel)             in language append on input line 558.
Package babel Info: Redefining ngerman shorthand "|
(babel)             in language append on input line 559.
Package babel Info: Redefining ngerman shorthand "~
(babel)             in language append on input line 559.
Package babel Info: Redefining ngerman shorthand "|
(babel)             in language append on input line 560.
Package babel Info: Redefining ngerman shorthand "~
(babel)             in language append on input line 560.
Package babel Info: Redefining ngerman shorthand "|
(babel)             in language append on input line 560.
Package babel Info: Redefining ngerman shorthand "~
(babel)             in language append on input line 560.
[31

]
chapter 6.
Package babel Info: Redefining ngerman shorthand "|
(babel)             in language append on input line 560.
Package babel Info: Redefining ngerman shorthand "~
(babel)             in language append on input line 560.
Package babel Info: Redefining ngerman shorthand "|
(babel)             in language append on input line 561.
Package babel Info: Redefining ngerman shorthand "~
(babel)             in language append on input line 561.
Package babel Info: Redefining ngerman shorthand "|
(babel)             in language append on input line 562.
Package babel Info: Redefining ngerman shorthand "~
(babel)             in language append on input line 562.
Package babel Info: Redefining ngerman shorthand "|
(babel)             in language append on input line 564.
Package babel Info: Redefining ngerman shorthand "~
(babel)             in language append on input line 564.
Package babel Info: Redefining ngerman shorthand "|
(babel)             in language append on input line 564.
Package babel Info: Redefining ngerman shorthand "~
(babel)             in language append on input line 564.
[32

]
chapter 7.
Package babel Info: Redefining ngerman shorthand "|
(babel)             in language append on input line 564.
Package babel Info: Redefining ngerman shorthand "~
(babel)             in language append on input line 564.
Package babel Info: Redefining ngerman shorthand "|
(babel)             in language append on input line 565.
Package babel Info: Redefining ngerman shorthand "~
(babel)             in language append on input line 565.
Package babel Info: Redefining ngerman shorthand "|
(babel)             in language append on input line 566.
Package babel Info: Redefining ngerman shorthand "~
(babel)             in language append on input line 566.
Package babel Info: Redefining ngerman shorthand "|
(babel)             in language append on input line 567.
Package babel Info: Redefining ngerman shorthand "~
(babel)             in language append on input line 567.
Package babel Info: Redefining ngerman shorthand "|
(babel)             in language append on input line 569.
Package babel Info: Redefining ngerman shorthand "~
(babel)             in language append on input line 569.
Package babel Info: Redefining ngerman shorthand "|
(babel)             in language append on input line 569.
Package babel Info: Redefining ngerman shorthand "~
(babel)             in language append on input line 569.
[33

]
chapter 8.
Package babel Info: Redefining ngerman shorthand "|
(babel)             in language append on input line 569.
Package babel Info: Redefining ngerman shorthand "~
(babel)             in language append on input line 569.
Package babel Info: Redefining ngerman shorthand "|
(babel)             in language append on input line 570.
Package babel Info: Redefining ngerman shorthand "~
(babel)             in language append on input line 570.
Package babel Info: Redefining ngerman shorthand "|
(babel)             in language append on input line 571.
Package babel Info: Redefining ngerman shorthand "~
(babel)             in language append on input line 571.
Package babel Info: Redefining ngerman shorthand "|
(babel)             in language append on input line 573.
Package babel Info: Redefining ngerman shorthand "~
(babel)             in language append on input line 573.
Package babel Info: Redefining ngerman shorthand "|
(babel)             in language append on input line 573.
Package babel Info: Redefining ngerman shorthand "~
(babel)             in language append on input line 573.
[34

]
chapter 9.
Package babel Info: Redefining ngerman shorthand "|
(babel)             in language append on input line 573.
Package babel Info: Redefining ngerman shorthand "~
(babel)             in language append on input line 573.
Package babel Info: Redefining ngerman shorthand "|
(babel)             in language append on input line 575.
Package babel Info: Redefining ngerman shorthand "~
(babel)             in language append on input line 575.
Package babel Info: Redefining ngerman shorthand "|
(babel)             in language append on input line 575.
Package babel Info: Redefining ngerman shorthand "~
(babel)             in language append on input line 575.
[35

]
LaTeX Font Info:    Try loading font information for T1+lmtt on input line 575.

 ("C:\Users\lauti\AppData\Local\Programs\MiKTeX 2.9\tex\latex\lm\t1lmtt.fd"
File: t1lmtt.fd 2009/10/30 v1.6 Font defs for Latin Modern
)
Overfull \hbox (12.5083pt too wide) in paragraph at lines 576--576
[]\T1/lmr/m/it/10.95 Introduction\T1/lmr/m/n/10.95 . (Zu-griff Ju-ni 3, 2018). 
\T1/lmr/m/sc/10.95 url\T1/lmr/m/n/10.95 : []$\T1/lmtt/m/n/10.95 https : / / flu
tter . io / faq / #introduction$[]\T1/lmr/m/n/10.95 . 
 []


Overfull \hbox (3.67969pt too wide) in paragraph at lines 576--576
[]\T1/lmr/m/n/10.95 Susanne Strahrin-ger und Chris-ti-an Leyh. \T1/lmr/m/it/10.
95 Ga-mi-fi-ca-ti-on und Se-rious Ga-mes - Grund-
 []


Overfull \hbox (2.44243pt too wide) in paragraph at lines 576--576
[]\T1/lmr/m/it/10.95 Technical Over-view\T1/lmr/m/n/10.95 . (Zu-griff Ju-ni 3, 
2018). \T1/lmr/m/sc/10.95 url\T1/lmr/m/n/10.95 : []$\T1/lmtt/m/n/10.95 https : 
/ / flutter . io / technical -[]
 []

Package atveryend Info: Empty hook `BeforeClearDocument' on input line 576.
Package babel Info: Redefining ngerman shorthand "|
(babel)             in language append on input line 576.
Package babel Info: Redefining ngerman shorthand "~
(babel)             in language append on input line 576.
Package babel Info: Redefining ngerman shorthand "|
(babel)             in language append on input line 576.
Package babel Info: Redefining ngerman shorthand "~
(babel)             in language append on input line 576.
[36

]
Package atveryend Info: Empty hook `AfterLastShipout' on input line 576.
 ("Bachelorarbeit - Dokumentation PreVersion.aux")
Package atveryend Info: Executing hook `AtVeryEndDocument' on input line 576.
Package atveryend Info: Executing hook `AtEndAfterFileList' on input line 576.
Package rerunfilecheck Info: File `"Bachelorarbeit - Dokumentation PreVersion".
out' has not changed.
(rerunfilecheck)             Checksum: 2FD2B03744AF48C947F86DF0C5847008;5239.
Package logreq Info: Writing requests to '"Bachelorarbeit - Dokumentation PreVe
rsion".run.xml'.
\openout1 = `"Bachelorarbeit - Dokumentation PreVersion.run.xml"'.

Package atveryend Info: Empty hook `AtVeryVeryEnd' on input line 576.
 ) 
Here is how much of TeX's memory you used:
 16389 strings out of 493305
 283149 string characters out of 3129802
 666271 words of memory out of 3000000
 19601 multiletter control sequences out of 15000+200000
 56747 words of font info for 46 fonts, out of 3000000 for 9000
 1143 hyphenation exceptions out of 8191
 42i,7n,66p,9151b,2180s stack positions out of 5000i,500n,10000p,200000b,50000s
{C:/Users/lauti/AppData/Local/Programs/MiKTeX 2.9/fonts/enc/dvips/lm/lm-ec.en
c}{C:/Users/lauti/AppData/Local/Programs/MiKTeX 2.9/fonts/enc/dvips/lm/lm-maths
y.enc}<C:/Users/lauti/AppData/Local/Programs/MiKTeX 2.9/fonts/type1/public/lm/l
mbx10.pfb><C:/Users/lauti/AppData/Local/Programs/MiKTeX 2.9/fonts/type1/public/
lm/lmcsc10.pfb><C:/Users/lauti/AppData/Local/Programs/MiKTeX 2.9/fonts/type1/pu
blic/lm/lmr10.pfb><C:/Users/lauti/AppData/Local/Programs/MiKTeX 2.9/fonts/type1
/public/lm/lmr12.pfb><C:/Users/lauti/AppData/Local/Programs/MiKTeX 2.9/fonts/ty
pe1/public/lm/lmri10.pfb><C:/Users/lauti/AppData/Local/Programs/MiKTeX 2.9/font
s/type1/public/lm/lmssbx10.pfb><C:/Users/lauti/AppData/Local/Programs/MiKTeX 2.
9/fonts/type1/public/lm/lmsy10.pfb><C:/Users/lauti/AppData/Local/Programs/MiKTe
X 2.9/fonts/type1/public/lm/lmtt10.pfb>
Output written on "Bachelorarbeit - Dokumentation PreVersion.pdf" (36 pages, 30
3781 bytes).
PDF statistics:
 608 PDF objects out of 1000 (max. 8388607)
 123 named destinations out of 1000 (max. 500000)
 545 words of extra memory for PDF output out of 10000 (max. 10000000)

