\BOOKMARK [0][-]{chapter.1}{Einleitung}{}% 1
\BOOKMARK [1][-]{section.1.1}{Motivation}{chapter.1}% 2
\BOOKMARK [1][-]{section.1.2}{L\366sungsansatz}{chapter.1}% 3
\BOOKMARK [1][-]{section.1.3}{Zielsetzung}{chapter.1}% 4
\BOOKMARK [1][-]{section.1.4}{Aufgabenbeschreibung}{chapter.1}% 5
\BOOKMARK [1][-]{section.1.5}{Ausblick auf die Bachelorarbeit}{chapter.1}% 6
\BOOKMARK [2][-]{subsection.1.5.1}{Beschreibung der Kernkomponenten}{section.1.5}% 7
\BOOKMARK [2][-]{subsection.1.5.2}{Anforderungsanalyse}{section.1.5}% 8
\BOOKMARK [2][-]{subsection.1.5.3}{Architektur der Software}{section.1.5}% 9
\BOOKMARK [2][-]{subsection.1.5.4}{Implementierung}{section.1.5}% 10
\BOOKMARK [2][-]{subsection.1.5.5}{Validierung und Verifikation}{section.1.5}% 11
\BOOKMARK [2][-]{subsection.1.5.6}{Pr\344sentation der Ergebnisse}{section.1.5}% 12
\BOOKMARK [0][-]{chapter.2}{Beschreibung der Kernkomponenten}{}% 13
\BOOKMARK [1][-]{section.2.1}{Vorstellung des Frameworks Flutter}{chapter.2}% 14
\BOOKMARK [2][-]{subsection.2.1.1}{Flutter Systemarchitektur}{section.2.1}% 15
\BOOKMARK [2][-]{subsection.2.1.2}{Entwicklung von Betriebssystem \374bergreifenden Applikationen}{section.2.1}% 16
\BOOKMARK [2][-]{subsection.2.1.3}{Laufzeit-Performance}{section.2.1}% 17
\BOOKMARK [2][-]{subsection.2.1.4}{Material-Design}{section.2.1}% 18
\BOOKMARK [1][-]{section.2.2}{Dart}{chapter.2}% 19
\BOOKMARK [0][-]{chapter.3}{Anforderungsanalyse}{}% 20
\BOOKMARK [1][-]{section.3.1}{Identifikation des Ist-Zustands}{chapter.3}% 21
\BOOKMARK [2][-]{subsection.3.1.1}{Problemabgrenzung \(Welches Problem soll gel\366st werden?\)}{section.3.1}% 22
\BOOKMARK [2][-]{subsection.3.1.2}{Kontext des Problems \(Wo liegt das Problem?\)}{section.3.1}% 23
\BOOKMARK [2][-]{subsection.3.1.3}{Ziele der Beteiligten \(Warum muss es gel\366st werden?\)}{section.3.1}% 24
\BOOKMARK [2][-]{subsection.3.1.4}{Szenariensammlung \(Wie k\366nnte ein Softwaresystem helfen\)}{section.3.1}% 25
\BOOKMARK [1][-]{section.3.2}{Identifikation des Soll-Zustands}{chapter.3}% 26
\BOOKMARK [1][-]{section.3.3}{Analyse der Schwachstellen}{chapter.3}% 27
\BOOKMARK [1][-]{section.3.4}{Anforderungskatalog}{chapter.3}% 28
\BOOKMARK [1][-]{section.3.5}{Lastenheft}{chapter.3}% 29
\BOOKMARK [1][-]{section.3.6}{Pflichtenheft}{chapter.3}% 30
\BOOKMARK [2][-]{subsection.3.6.1}{Funktionale Anforderungen}{section.3.6}% 31
\BOOKMARK [2][-]{subsection.3.6.2}{Nicht funktionale Anforderungen}{section.3.6}% 32
\BOOKMARK [0][-]{chapter.4}{Architektur der Software}{}% 33
\BOOKMARK [1][-]{section.4.1}{Architekturbeschreibung}{chapter.4}% 34
\BOOKMARK [1][-]{section.4.2}{Entwurfsentscheidungen}{chapter.4}% 35
\BOOKMARK [1][-]{section.4.3}{Erweiterbarkeit der Software f\374r andere Studieng\344nge}{chapter.4}% 36
\BOOKMARK [0][-]{chapter.5}{Implementierung}{}% 37
\BOOKMARK [1][-]{section.5.1}{Umsetzung der Anforderungen}{chapter.5}% 38
\BOOKMARK [1][-]{section.5.2}{Entwurf der Benutzeroberfl\344che}{chapter.5}% 39
\BOOKMARK [0][-]{chapter.6}{Validierung und Verifikation}{}% 40
\BOOKMARK [1][-]{section.6.1}{Softwaretests}{chapter.6}% 41
\BOOKMARK [1][-]{section.6.2}{Abdeckung der Softwareanforderungen}{chapter.6}% 42
\BOOKMARK [1][-]{section.6.3}{Ausf\374hrung der Usabilitytests}{chapter.6}% 43
\BOOKMARK [0][-]{chapter.7}{Pr\344sentation der Ergebnisse}{}% 44
\BOOKMARK [1][-]{section.7.1}{Lessons Learned}{chapter.7}% 45
\BOOKMARK [1][-]{section.7.2}{Abschlussbetrachtung}{chapter.7}% 46
\BOOKMARK [0][-]{chapter.8}{Literaturverzeichnis}{}% 47
